{"meta": {"format": 3, "version": "7.14.0", "timestamp": "2026-05-15T22:42:19.409061", "branch_coverage": false, "show_contexts": false}, "files": {"src\\token_goat\\__init__.py": {"executed_lines": [2], "summary": {"covered_lines": 1, "num_statements": 1, "percent_covered": 100.0, "percent_covered_display": "100", "missing_lines": 0, "excluded_lines": 0, "percent_statements_covered": 100.0, "percent_statements_covered_display": "100"}, "missing_lines": [], "excluded_lines": [], "functions": {"": {"executed_lines": [2], "summary": {"covered_lines": 1, "num_statements": 1, "percent_covered": 100.0, "percent_covered_display": "100", "missing_lines": 0, "excluded_lines": 0, "percent_statements_covered": 100.0, "percent_statements_covered_display": "100"}, "missing_lines": [], "excluded_lines": [], "start_line": 1}}, "classes": {"": {"executed_lines": [2], "summary": {"covered_lines": 1, "num_statements": 1, "percent_covered": 100.0, "percent_covered_display": "100", "missing_lines": 0, "excluded_lines": 0, "percent_statements_covered": 100.0, "percent_statements_covered_display": "100"}, "missing_lines": [], "excluded_lines": [], "start_line": 1}}}, "src\\token_goat\\__main__.py": {"executed_lines": [], "summary": {"covered_lines": 0, "num_statements": 3, "percent_covered": 0.0, "percent_covered_display": "0", "missing_lines": 3, "excluded_lines": 0, "percent_statements_covered": 0.0, "percent_statements_covered_display": "0"}, "missing_lines": [2, 4, 5], "excluded_lines": [], "functions": {"": {"executed_lines": [], "summary": {"covered_lines": 0, "num_statements": 3, "percent_covered": 0.0, "percent_covered_display": "0", "missing_lines": 3, "excluded_lines": 0, "percent_statements_covered": 0.0, "percent_statements_covered_display": "0"}, "missing_lines": [2, 4, 5], "excluded_lines": [], "start_line": 1}}, "classes": {"": {"executed_lines": [], "summary": {"covered_lines": 0, "num_statements": 3, "percent_covered": 0.0, "percent_covered_display": "0", "missing_lines": 3, "excluded_lines": 0, "percent_statements_covered": 0.0, "percent_statements_covered_display": "0"}, "missing_lines": [2, 4, 5], "excluded_lines": [], "start_line": 1}}}, "src\\token_goat\\bash_parser.py": {"executed_lines": [2, 4, 5, 6, 7, 9, 12, 13, 16, 17, 18, 19, 20, 21, 27, 30, 32, 34, 37, 42, 43, 44, 45, 48, 55, 57, 58, 59, 60, 61, 64, 65, 67, 68, 70, 71, 73, 74, 75, 76, 77, 78, 79, 82, 84, 85, 87, 88, 89, 90, 91, 92, 93, 94, 95, 96, 97, 98, 99, 100, 101, 102, 103, 104, 105, 106, 107, 108, 109, 110, 111, 112, 113, 114, 115, 116, 117, 119, 121, 122, 124, 127, 129, 130, 131, 132, 133, 134, 135, 136, 137, 141, 142, 143, 144, 145, 146, 148, 150, 153, 155, 156, 157], "summary": {"covered_lines": 103, "num_statements": 110, "percent_covered": 93.63636363636364, "percent_covered_display": "94", "missing_lines": 7, "excluded_lines": 0, "percent_statements_covered": 93.63636363636364, "percent_statements_covered_display": "94"}, "missing_lines": [120, 123, 138, 139, 140, 149, 158], "excluded_lines": [], "functions": {"_try_parse_int": {"executed_lines": [42, 43, 44, 45], "summary": {"covered_lines": 4, "num_statements": 4, "percent_covered": 100.0, "percent_covered_display": "100", "missing_lines": 0, "excluded_lines": 0, "percent_statements_covered": 100.0, "percent_statements_covered_display": "100"}, "missing_lines": [], "excluded_lines": [], "start_line": 37}, "parse": {"executed_lines": [55, 57, 58, 59, 60, 61, 64, 65, 67, 68, 70, 71, 73, 74, 75, 76, 77, 78, 79], "summary": {"covered_lines": 19, "num_statements": 19, "percent_covered": 100.0, "percent_covered_display": "100", "missing_lines": 0, "excluded_lines": 0, "percent_statements_covered": 100.0, "percent_statements_covered_display": "100"}, "missing_lines": [], "excluded_lines": [], "start_line": 48}, "_parse_read": {"executed_lines": [84, 85, 87, 88, 89, 90, 91, 92, 93, 94, 95, 96, 97, 98, 99, 100, 101, 102, 103, 104, 105, 106, 107, 108, 109, 110, 111, 112, 113, 114, 115, 116, 117, 119, 121, 122, 124], "summary": {"covered_lines": 37, "num_statements": 39, "percent_covered": 94.87179487179488, "percent_covered_display": "95", "missing_lines": 2, "excluded_lines": 0, "percent_statements_covered": 94.87179487179488, "percent_statements_covered_display": "95"}, "missing_lines": [120, 123], "excluded_lines": [], "start_line": 82}, "_parse_grep": {"executed_lines": [129, 130, 131, 132, 133, 134, 135, 136, 137, 141, 142, 143, 144, 145, 146, 148, 150], "summary": {"covered_lines": 17, "num_statements": 21, "percent_covered": 80.95238095238095, "percent_covered_display": "81", "missing_lines": 4, "excluded_lines": 0, "percent_statements_covered": 80.95238095238095, "percent_statements_covered_display": "81"}, "missing_lines": [138, 139, 140, 149], "excluded_lines": [], "start_line": 127}, "_parse_glob": {"executed_lines": [155, 156, 157], "summary": {"covered_lines": 3, "num_statements": 4, "percent_covered": 75.0, "percent_covered_display": "75", "missing_lines": 1, "excluded_lines": 0, "percent_statements_covered": 75.0, "percent_statements_covered_display": "75"}, "missing_lines": [158], "excluded_lines": [], "start_line": 153}, "": {"executed_lines": [2, 4, 5, 6, 7, 9, 12, 13, 16, 17, 18, 19, 20, 21, 27, 30, 32, 34, 37, 48, 82, 127, 153], "summary": {"covered_lines": 23, "num_statements": 23, "percent_covered": 100.0, "percent_covered_display": "100", "missing_lines": 0, "excluded_lines": 0, "percent_statements_covered": 100.0, "percent_statements_covered_display": "100"}, "missing_lines": [], "excluded_lines": [], "start_line": 1}}, "classes": {"BashIntent": {"executed_lines": [], "summary": {"covered_lines": 0, "num_statements": 0, "percent_covered": 100.0, "percent_covered_display": "100", "missing_lines": 0, "excluded_lines": 0, "percent_statements_covered": 100.0, "percent_statements_covered_display": "100"}, "missing_lines": [], "excluded_lines": [], "start_line": 13}, "": {"executed_lines": [2, 4, 5, 6, 7, 9, 12, 13, 16, 17, 18, 19, 20, 21, 27, 30, 32, 34, 37, 42, 43, 44, 45, 48, 55, 57, 58, 59, 60, 61, 64, 65, 67, 68, 70, 71, 73, 74, 75, 76, 77, 78, 79, 82, 84, 85, 87, 88, 89, 90, 91, 92, 93, 94, 95, 96, 97, 98, 99, 100, 101, 102, 103, 104, 105, 106, 107, 108, 109, 110, 111, 112, 113, 114, 115, 116, 117, 119, 121, 122, 124, 127, 129, 130, 131, 132, 133, 134, 135, 136, 137, 141, 142, 143, 144, 145, 146, 148, 150, 153, 155, 156, 157], "summary": {"covered_lines": 103, "num_statements": 110, "percent_covered": 93.63636363636364, "percent_covered_display": "94", "missing_lines": 7, "excluded_lines": 0, "percent_statements_covered": 93.63636363636364, "percent_statements_covered_display": "94"}, "missing_lines": [120, 123, 138, 139, 140, 149, 158], "excluded_lines": [], "start_line": 1}}}, "src\\token_goat\\cli.py": {"executed_lines": [2, 4, 5, 6, 7, 8, 9, 10, 11, 17, 18, 19, 20, 22, 24, 25, 27, 30, 36, 39, 40, 43, 45, 48, 49, 52, 67, 69, 70, 71, 72, 73, 76, 89, 103, 105, 106, 107, 108, 109, 110, 113, 114, 115, 117, 118, 121, 148, 149, 156, 158, 160, 170, 171, 172, 173, 183, 194, 195, 200, 202, 204, 210, 221, 222, 233, 234, 240, 242, 248, 259, 260, 276, 277, 283, 285, 287, 288, 289, 290, 294, 296, 311, 314, 315, 316, 319, 322, 323, 344, 345, 351, 354, 355, 362, 370, 371, 378, 386, 387, 392, 394, 395, 396, 406, 407, 408, 409, 410, 411, 412, 413, 414, 417, 418, 425, 427, 428, 431, 432, 437, 439, 440, 441, 442, 443, 447, 448, 450, 453, 454, 458, 461, 462, 463, 464, 467, 468, 473, 474, 475, 476, 477, 478, 479, 480, 481, 482, 483, 484, 485, 486, 487, 489, 490, 491, 501, 502, 507, 509, 510, 511, 512, 513, 520, 521, 526, 527, 535, 536, 537, 539, 540, 541, 542, 543, 544, 545, 546, 547, 548, 549, 550, 551, 552, 553, 554, 555, 556, 559, 560, 562, 563, 564, 565, 567, 569, 572, 574, 575, 584, 597, 598, 608, 609, 614, 616, 619, 620, 645, 646, 659, 660, 689, 690, 709, 710, 711, 714, 715, 723, 724, 732, 733, 741, 742, 750, 751, 759, 760, 768, 769, 825, 826, 827, 828, 830, 831, 832, 833, 834, 837, 838, 840, 846, 847, 848, 849, 850, 851, 852, 854, 855, 857, 858, 859, 860, 862, 863, 864, 865, 870, 871, 872, 875, 876, 877, 879, 881, 882, 883, 885, 886, 887, 888, 891, 892, 896, 897, 900, 901, 902, 903, 904, 905, 906, 907, 909, 910, 912, 913, 915, 916, 920, 921, 924, 925, 926, 927, 928, 929, 930, 931, 932, 936, 937, 938, 941, 942, 944, 945, 946, 947, 948, 949, 951, 952, 954, 957, 958, 960, 961, 962, 963, 964, 965, 966, 967, 968, 970, 971, 973, 976], "summary": {"covered_lines": 333, "num_statements": 506, "percent_covered": 65.81027667984189, "percent_covered_display": "66", "missing_lines": 173, "excluded_lines": 0, "percent_statements_covered": 65.81027667984189, "percent_statements_covered_display": "66"}, "missing_lines": [37, 46, 85, 86, 132, 133, 134, 135, 136, 137, 138, 139, 140, 141, 142, 143, 144, 145, 146, 147, 161, 162, 163, 164, 165, 166, 167, 168, 180, 181, 182, 196, 197, 199, 223, 224, 226, 227, 228, 230, 261, 262, 263, 264, 265, 266, 267, 269, 270, 271, 273, 297, 308, 309, 312, 313, 328, 330, 335, 336, 337, 338, 340, 341, 444, 445, 446, 469, 470, 493, 494, 495, 496, 497, 498, 514, 515, 517, 523, 557, 558, 570, 585, 586, 587, 588, 593, 594, 603, 605, 624, 627, 628, 629, 630, 631, 632, 634, 635, 636, 637, 638, 639, 640, 641, 642, 651, 653, 654, 655, 656, 665, 667, 668, 669, 670, 671, 672, 673, 674, 675, 676, 678, 682, 694, 696, 720, 729, 738, 747, 756, 765, 779, 780, 782, 784, 785, 787, 788, 789, 798, 800, 801, 802, 803, 804, 806, 807, 808, 810, 811, 812, 814, 815, 816, 817, 819, 820, 821, 822, 829, 841, 842, 843, 844, 861, 867, 873, 878, 933, 934, 972, 977], "excluded_lines": [], "functions": {"_error": {"executed_lines": [36, 39, 40], "summary": {"covered_lines": 3, "num_statements": 4, "percent_covered": 75.0, "percent_covered_display": "75", "missing_lines": 1, "excluded_lines": 0, "percent_statements_covered": 75.0, "percent_statements_covered_display": "75"}, "missing_lines": [37], "excluded_lines": [], "start_line": 30}, "_warn": {"executed_lines": [45, 48, 49], "summary": {"covered_lines": 3, "num_statements": 4, "percent_covered": 75.0, "percent_covered_display": "75", "missing_lines": 1, "excluded_lines": 0, "percent_statements_covered": 75.0, "percent_statements_covered_display": "75"}, "missing_lines": [46], "excluded_lines": [], "start_line": 43}, "_require_project": {"executed_lines": [67, 69, 70, 71, 72, 73], "summary": {"covered_lines": 6, "num_statements": 6, "percent_covered": 100.0, "percent_covered_display": "100", "missing_lines": 0, "excluded_lines": 0, "percent_statements_covered": 100.0, "percent_statements_covered_display": "100"}, "missing_lines": [], "excluded_lines": [], "start_line": 52}, "_emit_json": {"executed_lines": [], "summary": {"covered_lines": 0, "num_statements": 2, "percent_covered": 0.0, "percent_covered_display": "0", "missing_lines": 2, "excluded_lines": 0, "percent_statements_covered": 0.0, "percent_statements_covered_display": "0"}, "missing_lines": [85, 86], "excluded_lines": [], "start_line": 76}, "_query_project": {"executed_lines": [103, 105, 106, 107, 108, 109, 110], "summary": {"covered_lines": 7, "num_statements": 7, "percent_covered": 100.0, "percent_covered_display": "100", "missing_lines": 0, "excluded_lines": 0, "percent_statements_covered": 100.0, "percent_statements_covered_display": "100"}, "missing_lines": [], "excluded_lines": [], "start_line": 89}, "main": {"executed_lines": [], "summary": {"covered_lines": 0, "num_statements": 16, "percent_covered": 0.0, "percent_covered_display": "0", "missing_lines": 16, "excluded_lines": 0, "percent_statements_covered": 0.0, "percent_statements_covered_display": "0"}, "missing_lines": [132, 133, 134, 135, 136, 137, 138, 139, 140, 141, 142, 143, 144, 145, 146, 147], "excluded_lines": [], "start_line": 121}, "symbol": {"executed_lines": [156, 158, 160, 170, 171, 172, 173, 183, 194, 195, 200, 202, 204, 210, 221, 222], "summary": {"covered_lines": 16, "num_statements": 28, "percent_covered": 57.142857142857146, "percent_covered_display": "57", "missing_lines": 12, "excluded_lines": 0, "percent_statements_covered": 57.142857142857146, "percent_statements_covered_display": "57"}, "missing_lines": [180, 181, 182, 196, 197, 199, 223, 224, 226, 227, 228, 230], "excluded_lines": [], "start_line": 149}, "symbol._fmt_plain": {"executed_lines": [], "summary": {"covered_lines": 0, "num_statements": 8, "percent_covered": 0.0, "percent_covered_display": "0", "missing_lines": 8, "excluded_lines": 0, "percent_statements_covered": 0.0, "percent_statements_covered_display": "0"}, "missing_lines": [161, 162, 163, 164, 165, 166, 167, 168], "excluded_lines": [], "start_line": 160}, "ref": {"executed_lines": [240, 242, 248, 259, 260], "summary": {"covered_lines": 5, "num_statements": 16, "percent_covered": 31.25, "percent_covered_display": "31", "missing_lines": 11, "excluded_lines": 0, "percent_statements_covered": 31.25, "percent_statements_covered_display": "31"}, "missing_lines": [261, 262, 263, 264, 265, 266, 267, 269, 270, 271, 273], "excluded_lines": [], "start_line": 234}, "semantic": {"executed_lines": [283, 285, 287, 288, 289, 290, 294, 296, 311, 314, 315, 316, 319], "summary": {"covered_lines": 13, "num_statements": 18, "percent_covered": 72.22222222222223, "percent_covered_display": "72", "missing_lines": 5, "excluded_lines": 0, "percent_statements_covered": 72.22222222222223, "percent_statements_covered_display": "72"}, "missing_lines": [297, 308, 309, 312, 313], "excluded_lines": [], "start_line": 277}, "cmd_map": {"executed_lines": [], "summary": {"covered_lines": 0, "num_statements": 8, "percent_covered": 0.0, "percent_covered_display": "0", "missing_lines": 8, "excluded_lines": 0, "percent_statements_covered": 0.0, "percent_statements_covered_display": "0"}, "missing_lines": [328, 330, 335, 336, 337, 338, 340, 341], "excluded_lines": [], "start_line": 323}, "deps": {"executed_lines": [351], "summary": {"covered_lines": 1, "num_statements": 1, "percent_covered": 100.0, "percent_covered_display": "100", "missing_lines": 0, "excluded_lines": 0, "percent_statements_covered": 100.0, "percent_statements_covered_display": "100"}, "missing_lines": [], "excluded_lines": [], "start_line": 345}, "read": {"executed_lines": [362], "summary": {"covered_lines": 1, "num_statements": 1, "percent_covered": 100.0, "percent_covered_display": "100", "missing_lines": 0, "excluded_lines": 0, "percent_statements_covered": 100.0, "percent_statements_covered_display": "100"}, "missing_lines": [], "excluded_lines": [], "start_line": 355}, "section": {"executed_lines": [378], "summary": {"covered_lines": 1, "num_statements": 1, "percent_covered": 100.0, "percent_covered_display": "100", "missing_lines": 0, "excluded_lines": 0, "percent_statements_covered": 100.0, "percent_statements_covered_display": "100"}, "missing_lines": [], "excluded_lines": [], "start_line": 371}, "session_touched": {"executed_lines": [392, 394, 395, 396, 406, 407, 408, 409, 410, 411, 412, 413, 414], "summary": {"covered_lines": 13, "num_statements": 13, "percent_covered": 100.0, "percent_covered_display": "100", "missing_lines": 0, "excluded_lines": 0, "percent_statements_covered": 100.0, "percent_statements_covered_display": "100"}, "missing_lines": [], "excluded_lines": [], "start_line": 387}, "session_mark": {"executed_lines": [425, 427, 428], "summary": {"covered_lines": 3, "num_statements": 3, "percent_covered": 100.0, "percent_covered_display": "100", "missing_lines": 0, "excluded_lines": 0, "percent_statements_covered": 100.0, "percent_statements_covered_display": "100"}, "missing_lines": [], "excluded_lines": [], "start_line": 418}, "cmd_gdrive_fetch": {"executed_lines": [437, 439, 440, 441, 442, 443, 447, 448, 450], "summary": {"covered_lines": 9, "num_statements": 12, "percent_covered": 75.0, "percent_covered_display": "75", "missing_lines": 3, "excluded_lines": 0, "percent_statements_covered": 75.0, "percent_statements_covered_display": "75"}, "missing_lines": [444, 445, 446], "excluded_lines": [], "start_line": 432}, "cmd_gdrive_auth": {"executed_lines": [458, 461, 462, 463, 464, 467, 468, 473, 474, 475, 476, 477, 478, 479, 480, 481, 482, 483, 484, 485, 486, 487, 489, 490, 491], "summary": {"covered_lines": 25, "num_statements": 33, "percent_covered": 75.75757575757575, "percent_covered_display": "76", "missing_lines": 8, "excluded_lines": 0, "percent_statements_covered": 75.75757575757575, "percent_statements_covered_display": "76"}, "missing_lines": [469, 470, 493, 494, 495, 496, 497, 498], "excluded_lines": [], "start_line": 454}, "cmd_fetch_image": {"executed_lines": [507, 509, 510, 511, 512, 513], "summary": {"covered_lines": 6, "num_statements": 9, "percent_covered": 66.66666666666667, "percent_covered_display": "67", "missing_lines": 3, "excluded_lines": 0, "percent_statements_covered": 66.66666666666667, "percent_statements_covered_display": "67"}, "missing_lines": [514, 515, 517], "excluded_lines": [], "start_line": 502}, "caption_instead": {"executed_lines": [], "summary": {"covered_lines": 0, "num_statements": 1, "percent_covered": 0.0, "percent_covered_display": "0", "missing_lines": 1, "excluded_lines": 0, "percent_statements_covered": 0.0, "percent_statements_covered_display": "0"}, "missing_lines": [523], "excluded_lines": [], "start_line": 521}, "index": {"executed_lines": [535, 536, 537, 539, 540, 541, 542, 543, 544, 545, 546, 547, 548, 549, 550, 551, 552, 553, 554, 555, 556, 559, 560, 562, 563, 564, 565, 567, 569, 572, 574, 575, 584], "summary": {"covered_lines": 33, "num_statements": 41, "percent_covered": 80.48780487804878, "percent_covered_display": "80", "missing_lines": 8, "excluded_lines": 0, "percent_statements_covered": 80.48780487804878, "percent_statements_covered_display": "80"}, "missing_lines": [557, 558, 585, 586, 587, 588, 593, 594], "excluded_lines": [], "start_line": 527}, "index._progress": {"executed_lines": [], "summary": {"covered_lines": 0, "num_statements": 1, "percent_covered": 0.0, "percent_covered_display": "0", "missing_lines": 1, "excluded_lines": 0, "percent_statements_covered": 0.0, "percent_statements_covered_display": "0"}, "missing_lines": [570], "excluded_lines": [], "start_line": 569}, "stats": {"executed_lines": [], "summary": {"covered_lines": 0, "num_statements": 2, "percent_covered": 0.0, "percent_covered_display": "0", "missing_lines": 2, "excluded_lines": 0, "percent_statements_covered": 0.0, "percent_statements_covered_display": "0"}, "missing_lines": [603, 605], "excluded_lines": [], "start_line": 598}, "doctor": {"executed_lines": [614, 616], "summary": {"covered_lines": 2, "num_statements": 2, "percent_covered": 100.0, "percent_covered_display": "100", "missing_lines": 0, "excluded_lines": 0, "percent_statements_covered": 100.0, "percent_statements_covered_display": "100"}, "missing_lines": [], "excluded_lines": [], "start_line": 609}, "cmd_install": {"executed_lines": [], "summary": {"covered_lines": 0, "num_statements": 16, "percent_covered": 0.0, "percent_covered_display": "0", "missing_lines": 16, "excluded_lines": 0, "percent_statements_covered": 0.0, "percent_statements_covered_display": "0"}, "missing_lines": [624, 627, 628, 629, 630, 631, 632, 634, 635, 636, 637, 638, 639, 640, 641, 642], "excluded_lines": [], "start_line": 620}, "cmd_uninstall": {"executed_lines": [], "summary": {"covered_lines": 0, "num_statements": 5, "percent_covered": 0.0, "percent_covered_display": "0", "missing_lines": 5, "excluded_lines": 0, "percent_statements_covered": 0.0, "percent_statements_covered_display": "0"}, "missing_lines": [651, 653, 654, 655, 656], "excluded_lines": [], "start_line": 646}, "cmd_image_shrink": {"executed_lines": [], "summary": {"covered_lines": 0, "num_statements": 13, "percent_covered": 0.0, "percent_covered_display": "0", "missing_lines": 13, "excluded_lines": 0, "percent_statements_covered": 0.0, "percent_statements_covered_display": "0"}, "missing_lines": [665, 667, 668, 669, 670, 671, 672, 673, 674, 675, 676, 678, 682], "excluded_lines": [], "start_line": 660}, "cmd_worker": {"executed_lines": [], "summary": {"covered_lines": 0, "num_statements": 2, "percent_covered": 0.0, "percent_covered_display": "0", "missing_lines": 2, "excluded_lines": 0, "percent_statements_covered": 0.0, "percent_statements_covered_display": "0"}, "missing_lines": [694, 696], "excluded_lines": [], "start_line": 690}, "session_start": {"executed_lines": [], "summary": {"covered_lines": 0, "num_statements": 1, "percent_covered": 0.0, "percent_covered_display": "0", "missing_lines": 1, "excluded_lines": 0, "percent_statements_covered": 0.0, "percent_statements_covered_display": "0"}, "missing_lines": [720], "excluded_lines": [], "start_line": 715}, "pre_read": {"executed_lines": [], "summary": {"covered_lines": 0, "num_statements": 1, "percent_covered": 0.0, "percent_covered_display": "0", "missing_lines": 1, "excluded_lines": 0, "percent_statements_covered": 0.0, "percent_statements_covered_display": "0"}, "missing_lines": [729], "excluded_lines": [], "start_line": 724}, "pre_fetch": {"executed_lines": [], "summary": {"covered_lines": 0, "num_statements": 1, "percent_covered": 0.0, "percent_covered_display": "0", "missing_lines": 1, "excluded_lines": 0, "percent_statements_covered": 0.0, "percent_statements_covered_display": "0"}, "missing_lines": [738], "excluded_lines": [], "start_line": 733}, "post_edit": {"executed_lines": [], "summary": {"covered_lines": 0, "num_statements": 1, "percent_covered": 0.0, "percent_covered_display": "0", "missing_lines": 1, "excluded_lines": 0, "percent_statements_covered": 0.0, "percent_statements_covered_display": "0"}, "missing_lines": [747], "excluded_lines": [], "start_line": 742}, "post_read": {"executed_lines": [], "summary": {"covered_lines": 0, "num_statements": 1, "percent_covered": 0.0, "percent_covered_display": "0", "missing_lines": 1, "excluded_lines": 0, "percent_statements_covered": 0.0, "percent_statements_covered_display": "0"}, "missing_lines": [756], "excluded_lines": [], "start_line": 751}, "pre_compact": {"executed_lines": [], "summary": {"covered_lines": 0, "num_statements": 1, "percent_covered": 0.0, "percent_covered_display": "0", "missing_lines": 1, "excluded_lines": 0, "percent_statements_covered": 0.0, "percent_statements_covered_display": "0"}, "missing_lines": [765], "excluded_lines": [], "start_line": 760}, "compact_hint": {"executed_lines": [], "summary": {"covered_lines": 0, "num_statements": 28, "percent_covered": 0.0, "percent_covered_display": "0", "missing_lines": 28, "excluded_lines": 0, "percent_statements_covered": 0.0, "percent_statements_covered_display": "0"}, "missing_lines": [779, 780, 782, 784, 785, 787, 788, 789, 798, 800, 801, 802, 803, 804, 806, 807, 808, 810, 811, 812, 814, 815, 816, 817, 819, 820, 821, 822], "excluded_lines": [], "start_line": 769}, "_config_get_value": {"executed_lines": [826, 827, 828, 830, 831, 832, 833, 834], "summary": {"covered_lines": 8, "num_statements": 9, "percent_covered": 88.88888888888889, "percent_covered_display": "89", "missing_lines": 1, "excluded_lines": 0, "percent_statements_covered": 88.88888888888889, "percent_statements_covered_display": "89"}, "missing_lines": [829], "excluded_lines": [], "start_line": 825}, "_coerce_config_value": {"executed_lines": [838, 840, 846, 847, 848, 849, 850, 851, 852, 854, 855, 857, 858, 859, 860, 862, 863, 864, 865], "summary": {"covered_lines": 19, "num_statements": 25, "percent_covered": 76.0, "percent_covered_display": "76", "missing_lines": 6, "excluded_lines": 0, "percent_statements_covered": 76.0, "percent_statements_covered_display": "76"}, "missing_lines": [841, 842, 843, 844, 861, 867], "excluded_lines": [], "start_line": 837}, "_config_set_value": {"executed_lines": [871, 872, 875, 876, 877, 879, 881, 882, 883, 885, 886, 887, 888], "summary": {"covered_lines": 13, "num_statements": 15, "percent_covered": 86.66666666666667, "percent_covered_display": "87", "missing_lines": 2, "excluded_lines": 0, "percent_statements_covered": 86.66666666666667, "percent_statements_covered_display": "87"}, "missing_lines": [873, 878], "excluded_lines": [], "start_line": 870}, "config_list": {"executed_lines": [896, 897, 900, 912, 913, 915, 916, 920, 921, 924, 925, 926, 927, 928, 929, 930, 931, 932, 936, 937, 938], "summary": {"covered_lines": 21, "num_statements": 23, "percent_covered": 91.30434782608695, "percent_covered_display": "91", "missing_lines": 2, "excluded_lines": 0, "percent_statements_covered": 91.30434782608695, "percent_statements_covered_display": "91"}, "missing_lines": [933, 934], "excluded_lines": [], "start_line": 892}, "config_list._flatten": {"executed_lines": [901, 902, 903, 904, 905, 906, 907, 909, 910], "summary": {"covered_lines": 9, "num_statements": 9, "percent_covered": 100.0, "percent_covered_display": "100", "missing_lines": 0, "excluded_lines": 0, "percent_statements_covered": 100.0, "percent_statements_covered_display": "100"}, "missing_lines": [], "excluded_lines": [], "start_line": 900}, "get": {"executed_lines": [944, 945, 946, 947, 948, 949, 951, 952, 954], "summary": {"covered_lines": 9, "num_statements": 9, "percent_covered": 100.0, "percent_covered_display": "100", "missing_lines": 0, "excluded_lines": 0, "percent_statements_covered": 100.0, "percent_statements_covered_display": "100"}, "missing_lines": [], "excluded_lines": [], "start_line": 942}, "set": {"executed_lines": [960, 961, 962, 963, 964, 965, 966, 967, 968, 970, 971, 973], "summary": {"covered_lines": 12, "num_statements": 13, "percent_covered": 92.3076923076923, "percent_covered_display": "92", "missing_lines": 1, "excluded_lines": 0, "percent_statements_covered": 92.3076923076923, "percent_statements_covered_display": "92"}, "missing_lines": [972], "excluded_lines": [], "start_line": 958}, "": {"executed_lines": [2, 4, 5, 6, 7, 8, 9, 10, 11, 17, 18, 19, 20, 22, 24, 25, 27, 30, 43, 52, 76, 89, 113, 114, 115, 117, 118, 121, 148, 149, 233, 234, 276, 277, 322, 323, 344, 345, 354, 355, 370, 371, 386, 387, 417, 418, 431, 432, 453, 454, 501, 502, 520, 521, 526, 527, 597, 598, 608, 609, 619, 620, 645, 646, 659, 660, 689, 690, 709, 710, 711, 714, 715, 723, 724, 732, 733, 741, 742, 750, 751, 759, 760, 768, 769, 825, 837, 870, 891, 892, 941, 942, 957, 958, 976], "summary": {"covered_lines": 95, "num_statements": 96, "percent_covered": 98.95833333333333, "percent_covered_display": "99", "missing_lines": 1, "excluded_lines": 0, "percent_statements_covered": 98.95833333333333, "percent_statements_covered_display": "99"}, "missing_lines": [977], "excluded_lines": [], "start_line": 1}}, "classes": {"": {"executed_lines": [2, 4, 5, 6, 7, 8, 9, 10, 11, 17, 18, 19, 20, 22, 24, 25, 27, 30, 36, 39, 40, 43, 45, 48, 49, 52, 67, 69, 70, 71, 72, 73, 76, 89, 103, 105, 106, 107, 108, 109, 110, 113, 114, 115, 117, 118, 121, 148, 149, 156, 158, 160, 170, 171, 172, 173, 183, 194, 195, 200, 202, 204, 210, 221, 222, 233, 234, 240, 242, 248, 259, 260, 276, 277, 283, 285, 287, 288, 289, 290, 294, 296, 311, 314, 315, 316, 319, 322, 323, 344, 345, 351, 354, 355, 362, 370, 371, 378, 386, 387, 392, 394, 395, 396, 406, 407, 408, 409, 410, 411, 412, 413, 414, 417, 418, 425, 427, 428, 431, 432, 437, 439, 440, 441, 442, 443, 447, 448, 450, 453, 454, 458, 461, 462, 463, 464, 467, 468, 473, 474, 475, 476, 477, 478, 479, 480, 481, 482, 483, 484, 485, 486, 487, 489, 490, 491, 501, 502, 507, 509, 510, 511, 512, 513, 520, 521, 526, 527, 535, 536, 537, 539, 540, 541, 542, 543, 544, 545, 546, 547, 548, 549, 550, 551, 552, 553, 554, 555, 556, 559, 560, 562, 563, 564, 565, 567, 569, 572, 574, 575, 584, 597, 598, 608, 609, 614, 616, 619, 620, 645, 646, 659, 660, 689, 690, 709, 710, 711, 714, 715, 723, 724, 732, 733, 741, 742, 750, 751, 759, 760, 768, 769, 825, 826, 827, 828, 830, 831, 832, 833, 834, 837, 838, 840, 846, 847, 848, 849, 850, 851, 852, 854, 855, 857, 858, 859, 860, 862, 863, 864, 865, 870, 871, 872, 875, 876, 877, 879, 881, 882, 883, 885, 886, 887, 888, 891, 892, 896, 897, 900, 901, 902, 903, 904, 905, 906, 907, 909, 910, 912, 913, 915, 916, 920, 921, 924, 925, 926, 927, 928, 929, 930, 931, 932, 936, 937, 938, 941, 942, 944, 945, 946, 947, 948, 949, 951, 952, 954, 957, 958, 960, 961, 962, 963, 964, 965, 966, 967, 968, 970, 971, 973, 976], "summary": {"covered_lines": 333, "num_statements": 506, "percent_covered": 65.81027667984189, "percent_covered_display": "66", "missing_lines": 173, "excluded_lines": 0, "percent_statements_covered": 65.81027667984189, "percent_statements_covered_display": "66"}, "missing_lines": [37, 46, 85, 86, 132, 133, 134, 135, 136, 137, 138, 139, 140, 141, 142, 143, 144, 145, 146, 147, 161, 162, 163, 164, 165, 166, 167, 168, 180, 181, 182, 196, 197, 199, 223, 224, 226, 227, 228, 230, 261, 262, 263, 264, 265, 266, 267, 269, 270, 271, 273, 297, 308, 309, 312, 313, 328, 330, 335, 336, 337, 338, 340, 341, 444, 445, 446, 469, 470, 493, 494, 495, 496, 497, 498, 514, 515, 517, 523, 557, 558, 570, 585, 586, 587, 588, 593, 594, 603, 605, 624, 627, 628, 629, 630, 631, 632, 634, 635, 636, 637, 638, 639, 640, 641, 642, 651, 653, 654, 655, 656, 665, 667, 668, 669, 670, 671, 672, 673, 674, 675, 676, 678, 682, 694, 696, 720, 729, 738, 747, 756, 765, 779, 780, 782, 784, 785, 787, 788, 789, 798, 800, 801, 802, 803, 804, 806, 807, 808, 810, 811, 812, 814, 815, 816, 817, 819, 820, 821, 822, 829, 841, 842, 843, 844, 861, 867, 873, 878, 933, 934, 972, 977], "excluded_lines": [], "start_line": 1}}}, "src\\token_goat\\cli_doctor.py": {"executed_lines": [2, 4, 5, 7, 10, 21, 22, 23, 24, 25, 27, 29, 30, 32, 34, 36, 38, 39, 41, 46, 47, 48, 49, 50, 52, 53, 54, 55, 56, 57, 60, 61, 62, 67, 68, 74, 75, 76, 78, 83, 84, 87, 89, 90, 91, 92, 93, 94, 95, 96, 97, 101, 102, 103, 106, 107, 108, 109, 110, 114, 119, 120, 121, 123, 124, 125, 126, 127, 128, 129, 138, 139, 140, 147, 148, 150, 157, 158, 160, 161, 162, 163, 172, 173, 174, 175, 176, 177, 178, 179, 180, 181, 182, 183, 184, 185, 186, 195, 196, 197, 198, 199, 200, 201, 202, 203, 204, 205, 206, 208, 210, 212, 216, 217, 222, 224, 225, 226, 227, 228, 230, 231, 232, 240, 241, 242, 243, 244, 245, 246, 248, 249, 250, 252, 257, 258, 259, 260, 262, 263, 269, 270, 271, 272, 274, 279, 281, 283, 284, 285, 287, 293, 296, 297, 321, 322, 323, 324, 325, 326, 327, 328, 332, 337, 338, 339, 340, 343, 347, 348, 349, 350, 352, 353, 354, 360, 364], "summary": {"covered_lines": 177, "num_statements": 223, "percent_covered": 79.37219730941705, "percent_covered_display": "79", "missing_lines": 46, "excluded_lines": 0, "percent_statements_covered": 79.37219730941705, "percent_statements_covered_display": "79"}, "missing_lines": [98, 99, 105, 111, 112, 113, 130, 131, 133, 141, 142, 151, 152, 164, 165, 166, 167, 187, 188, 190, 213, 214, 233, 234, 266, 267, 294, 295, 298, 299, 300, 301, 303, 304, 305, 307, 309, 311, 312, 313, 314, 316, 329, 330, 361, 362], "excluded_lines": [], "functions": {"doctor": {"executed_lines": [21, 22, 23, 24, 25, 27, 29, 30, 32, 36, 41, 46, 47, 48, 49, 50, 52, 53, 54, 55, 56, 57, 60, 61, 62, 67, 68, 74, 75, 76, 78, 83, 84, 87, 89, 101, 102, 103, 106, 107, 108, 109, 110, 114, 119, 120, 121, 123, 124, 125, 126, 127, 128, 129, 138, 139, 140, 147, 148, 150, 157, 158, 160, 161, 162, 163, 172, 173, 174, 175, 176, 177, 178, 179, 180, 181, 182, 183, 184, 185, 186, 195, 196, 197, 198, 199, 200, 201, 202, 203, 204, 205, 206, 208, 210, 212, 216, 217, 222, 224, 225, 226, 227, 228, 230, 231, 232, 240, 241, 242, 243, 244, 245, 246, 248, 249, 250, 252, 257, 258, 259, 260, 262, 263, 269, 270, 271, 272, 274, 279, 281, 283, 284, 285, 287, 293, 296, 297, 321, 322, 323, 324, 325, 326, 327, 328, 332, 337, 338, 339, 340, 343, 347, 348, 349, 350, 352, 353, 354, 360, 364], "summary": {"covered_lines": 161, "num_statements": 205, "percent_covered": 78.53658536585365, "percent_covered_display": "79", "missing_lines": 44, "excluded_lines": 0, "percent_statements_covered": 78.53658536585365, "percent_statements_covered_display": "79"}, "missing_lines": [105, 111, 112, 113, 130, 131, 133, 141, 142, 151, 152, 164, 165, 166, 167, 187, 188, 190, 213, 214, 233, 234, 266, 267, 294, 295, 298, 299, 300, 301, 303, 304, 305, 307, 309, 311, 312, 313, 314, 316, 329, 330, 361, 362], "excluded_lines": [], "start_line": 10}, "doctor.ok": {"executed_lines": [34], "summary": {"covered_lines": 1, "num_statements": 1, "percent_covered": 100.0, "percent_covered_display": "100", "missing_lines": 0, "excluded_lines": 0, "percent_statements_covered": 100.0, "percent_statements_covered_display": "100"}, "missing_lines": [], "excluded_lines": [], "start_line": 32}, "doctor.flag": {"executed_lines": [38, 39], "summary": {"covered_lines": 2, "num_statements": 2, "percent_covered": 100.0, "percent_covered_display": "100", "missing_lines": 0, "excluded_lines": 0, "percent_statements_covered": 100.0, "percent_statements_covered_display": "100"}, "missing_lines": [], "excluded_lines": [], "start_line": 36}, "doctor._wal_supported": {"executed_lines": [90, 91, 92, 93, 94, 95, 96, 97], "summary": {"covered_lines": 8, "num_statements": 10, "percent_covered": 80.0, "percent_covered_display": "80", "missing_lines": 2, "excluded_lines": 0, "percent_statements_covered": 80.0, "percent_statements_covered_display": "80"}, "missing_lines": [98, 99], "excluded_lines": [], "start_line": 89}, "": {"executed_lines": [2, 4, 5, 7, 10], "summary": {"covered_lines": 5, "num_statements": 5, "percent_covered": 100.0, "percent_covered_display": "100", "missing_lines": 0, "excluded_lines": 0, "percent_statements_covered": 100.0, "percent_statements_covered_display": "100"}, "missing_lines": [], "excluded_lines": [], "start_line": 1}}, "classes": {"": {"executed_lines": [2, 4, 5, 7, 10, 21, 22, 23, 24, 25, 27, 29, 30, 32, 34, 36, 38, 39, 41, 46, 47, 48, 49, 50, 52, 53, 54, 55, 56, 57, 60, 61, 62, 67, 68, 74, 75, 76, 78, 83, 84, 87, 89, 90, 91, 92, 93, 94, 95, 96, 97, 101, 102, 103, 106, 107, 108, 109, 110, 114, 119, 120, 121, 123, 124, 125, 126, 127, 128, 129, 138, 139, 140, 147, 148, 150, 157, 158, 160, 161, 162, 163, 172, 173, 174, 175, 176, 177, 178, 179, 180, 181, 182, 183, 184, 185, 186, 195, 196, 197, 198, 199, 200, 201, 202, 203, 204, 205, 206, 208, 210, 212, 216, 217, 222, 224, 225, 226, 227, 228, 230, 231, 232, 240, 241, 242, 243, 244, 245, 246, 248, 249, 250, 252, 257, 258, 259, 260, 262, 263, 269, 270, 271, 272, 274, 279, 281, 283, 284, 285, 287, 293, 296, 297, 321, 322, 323, 324, 325, 326, 327, 328, 332, 337, 338, 339, 340, 343, 347, 348, 349, 350, 352, 353, 354, 360, 364], "summary": {"covered_lines": 177, "num_statements": 223, "percent_covered": 79.37219730941705, "percent_covered_display": "79", "missing_lines": 46, "excluded_lines": 0, "percent_statements_covered": 79.37219730941705, "percent_statements_covered_display": "79"}, "missing_lines": [98, 99, 105, 111, 112, 113, 130, 131, 133, 141, 142, 151, 152, 164, 165, 166, 167, 187, 188, 190, 213, 214, 233, 234, 266, 267, 294, 295, 298, 299, 300, 301, 303, 304, 305, 307, 309, 311, 312, 313, 314, 316, 329, 330, 361, 362], "excluded_lines": [], "start_line": 1}}}, "src\\token_goat\\cli_stats.py": {"executed_lines": [], "summary": {"covered_lines": 0, "num_statements": 28, "percent_covered": 0.0, "percent_covered_display": "0", "missing_lines": 28, "excluded_lines": 0, "percent_statements_covered": 0.0, "percent_statements_covered_display": "0"}, "missing_lines": [2, 4, 5, 6, 7, 8, 10, 12, 15, 17, 18, 20, 21, 22, 23, 24, 25, 26, 27, 28, 30, 31, 34, 39, 40, 41, 55, 56], "excluded_lines": [], "functions": {"_write_raw": {"executed_lines": [], "summary": {"covered_lines": 0, "num_statements": 13, "percent_covered": 0.0, "percent_covered_display": "0", "missing_lines": 13, "excluded_lines": 0, "percent_statements_covered": 0.0, "percent_statements_covered_display": "0"}, "missing_lines": [17, 18, 20, 21, 22, 23, 24, 25, 26, 27, 28, 30, 31], "excluded_lines": [], "start_line": 15}, "stats": {"executed_lines": [], "summary": {"covered_lines": 0, "num_statements": 5, "percent_covered": 0.0, "percent_covered_display": "0", "missing_lines": 5, "excluded_lines": 0, "percent_statements_covered": 0.0, "percent_statements_covered_display": "0"}, "missing_lines": [39, 40, 41, 55, 56], "excluded_lines": [], "start_line": 34}, "": {"executed_lines": [], "summary": {"covered_lines": 0, "num_statements": 10, "percent_covered": 0.0, "percent_covered_display": "0", "missing_lines": 10, "excluded_lines": 0, "percent_statements_covered": 0.0, "percent_statements_covered_display": "0"}, "missing_lines": [2, 4, 5, 6, 7, 8, 10, 12, 15, 34], "excluded_lines": [], "start_line": 1}}, "classes": {"": {"executed_lines": [], "summary": {"covered_lines": 0, "num_statements": 28, "percent_covered": 0.0, "percent_covered_display": "0", "missing_lines": 28, "excluded_lines": 0, "percent_statements_covered": 0.0, "percent_statements_covered_display": "0"}, "missing_lines": [2, 4, 5, 6, 7, 8, 10, 12, 15, 17, 18, 20, 21, 22, 23, 24, 25, 26, 27, 28, 30, 31, 34, 39, 40, 41, 55, 56], "excluded_lines": [], "start_line": 1}}}, "src\\token_goat\\compact.py": {"executed_lines": [6, 8, 9, 11, 12, 13, 15, 17, 18, 19, 22, 24, 26, 27, 28, 29, 30, 32, 35, 37, 38, 39, 40, 41, 42, 45, 47, 48, 49, 50, 51, 52, 55, 65, 66, 71, 74, 75, 76, 79, 80, 82, 83, 84, 91, 92, 94, 95, 96, 97, 100, 101, 102, 103, 104, 105, 106, 107, 110, 111, 112, 113, 114, 115, 116, 118, 120, 121, 124, 125, 126, 127], "summary": {"covered_lines": 72, "num_statements": 76, "percent_covered": 94.73684210526316, "percent_covered_display": "95", "missing_lines": 4, "excluded_lines": 0, "percent_statements_covered": 94.73684210526316, "percent_statements_covered_display": "95"}, "missing_lines": [31, 67, 68, 69], "excluded_lines": [], "functions": {"_short_path": {"executed_lines": [24, 26, 27, 28, 29, 30, 32], "summary": {"covered_lines": 7, "num_statements": 8, "percent_covered": 87.5, "percent_covered_display": "88", "missing_lines": 1, "excluded_lines": 0, "percent_statements_covered": 87.5, "percent_statements_covered_display": "88"}, "missing_lines": [31], "excluded_lines": [], "start_line": 22}, "_format_ranges": {"executed_lines": [37, 38, 39, 40, 41, 42], "summary": {"covered_lines": 6, "num_statements": 6, "percent_covered": 100.0, "percent_covered_display": "100", "missing_lines": 0, "excluded_lines": 0, "percent_statements_covered": 100.0, "percent_statements_covered_display": "100"}, "missing_lines": [], "excluded_lines": [], "start_line": 35}, "event_count": {"executed_lines": [47, 48, 49, 50, 51, 52], "summary": {"covered_lines": 6, "num_statements": 6, "percent_covered": 100.0, "percent_covered_display": "100", "missing_lines": 0, "excluded_lines": 0, "percent_statements_covered": 100.0, "percent_statements_covered_display": "100"}, "missing_lines": [], "excluded_lines": [], "start_line": 45}, "build_manifest": {"executed_lines": [65, 66, 71], "summary": {"covered_lines": 3, "num_statements": 6, "percent_covered": 50.0, "percent_covered_display": "50", "missing_lines": 3, "excluded_lines": 0, "percent_statements_covered": 50.0, "percent_statements_covered_display": "50"}, "missing_lines": [67, 68, 69], "excluded_lines": [], "start_line": 55}, "_render": {"executed_lines": [75, 76, 79, 80, 82, 83, 84, 91, 92, 94, 95, 96, 97, 100, 101, 102, 103, 104, 105, 106, 107, 110, 111, 112, 113, 114, 115, 116, 118, 120, 121, 124, 125, 126, 127], "summary": {"covered_lines": 35, "num_statements": 35, "percent_covered": 100.0, "percent_covered_display": "100", "missing_lines": 0, "excluded_lines": 0, "percent_statements_covered": 100.0, "percent_statements_covered_display": "100"}, "missing_lines": [], "excluded_lines": [], "start_line": 74}, "": {"executed_lines": [6, 8, 9, 11, 12, 13, 15, 17, 18, 19, 22, 35, 45, 55, 74], "summary": {"covered_lines": 15, "num_statements": 15, "percent_covered": 100.0, "percent_covered_display": "100", "missing_lines": 0, "excluded_lines": 0, "percent_statements_covered": 100.0, "percent_statements_covered_display": "100"}, "missing_lines": [], "excluded_lines": [], "start_line": 1}}, "classes": {"": {"executed_lines": [6, 8, 9, 11, 12, 13, 15, 17, 18, 19, 22, 24, 26, 27, 28, 29, 30, 32, 35, 37, 38, 39, 40, 41, 42, 45, 47, 48, 49, 50, 51, 52, 55, 65, 66, 71, 74, 75, 76, 79, 80, 82, 83, 84, 91, 92, 94, 95, 96, 97, 100, 101, 102, 103, 104, 105, 106, 107, 110, 111, 112, 113, 114, 115, 116, 118, 120, 121, 124, 125, 126, 127], "summary": {"covered_lines": 72, "num_statements": 76, "percent_covered": 94.73684210526316, "percent_covered_display": "95", "missing_lines": 4, "excluded_lines": 0, "percent_statements_covered": 94.73684210526316, "percent_statements_covered_display": "95"}, "missing_lines": [31, 67, 68, 69], "excluded_lines": [], "start_line": 1}}}, "src\\token_goat\\config.py": {"executed_lines": [2, 4, 6, 7, 8, 9, 10, 11, 12, 14, 16, 18, 20, 21, 23, 25, 28, 31, 32, 33, 34, 37, 40, 41, 44, 45, 66, 68, 70, 72, 75, 76, 84, 91, 92, 93, 94, 97, 103, 104, 105, 112, 113, 116, 117, 118, 120, 127, 133, 134, 137, 144, 146, 147, 148, 149, 150, 151, 152, 153, 154, 156, 158, 159, 166, 167, 178, 182, 183, 184, 186, 189, 191, 192, 193, 194, 203, 204], "summary": {"covered_lines": 78, "num_statements": 93, "percent_covered": 83.87096774193549, "percent_covered_display": "84", "missing_lines": 15, "excluded_lines": 0, "percent_statements_covered": 83.87096774193549, "percent_statements_covered_display": "84"}, "missing_lines": [95, 96, 98, 99, 100, 106, 107, 108, 109, 114, 115, 119, 160, 205, 206], "excluded_lines": [], "functions": {"_validated_int": {"executed_lines": [92, 93, 94, 97], "summary": {"covered_lines": 4, "num_statements": 9, "percent_covered": 44.44444444444444, "percent_covered_display": "44", "missing_lines": 5, "excluded_lines": 0, "percent_statements_covered": 44.44444444444444, "percent_statements_covered_display": "44"}, "missing_lines": [95, 96, 98, 99, 100], "excluded_lines": [], "start_line": 91}, "_validated_bool": {"executed_lines": [104, 105], "summary": {"covered_lines": 2, "num_statements": 6, "percent_covered": 33.333333333333336, "percent_covered_display": "33", "missing_lines": 4, "excluded_lines": 0, "percent_statements_covered": 33.333333333333336, "percent_statements_covered_display": "33"}, "missing_lines": [106, 107, 108, 109], "excluded_lines": [], "start_line": 103}, "_validated_triggers": {"executed_lines": [113, 116, 117, 118, 120], "summary": {"covered_lines": 5, "num_statements": 8, "percent_covered": 62.5, "percent_covered_display": "62", "missing_lines": 3, "excluded_lines": 0, "percent_statements_covered": 62.5, "percent_statements_covered_display": "62"}, "missing_lines": [114, 115, 119], "excluded_lines": [], "start_line": 112}, "_atomic_write": {"executed_lines": [133, 134, 137], "summary": {"covered_lines": 3, "num_statements": 3, "percent_covered": 100.0, "percent_covered_display": "100", "missing_lines": 0, "excluded_lines": 0, "percent_statements_covered": 100.0, "percent_statements_covered_display": "100"}, "missing_lines": [], "excluded_lines": [], "start_line": 127}, "load": {"executed_lines": [146, 147, 148, 149, 150, 151, 152, 153, 154, 156, 158, 159, 166, 167, 178, 182, 183, 184, 186], "summary": {"covered_lines": 19, "num_statements": 20, "percent_covered": 95.0, "percent_covered_display": "95", "missing_lines": 1, "excluded_lines": 0, "percent_statements_covered": 95.0, "percent_statements_covered_display": "95"}, "missing_lines": [160], "excluded_lines": [], "start_line": 144}, "save": {"executed_lines": [191, 192, 193, 194, 203, 204], "summary": {"covered_lines": 6, "num_statements": 8, "percent_covered": 75.0, "percent_covered_display": "75", "missing_lines": 2, "excluded_lines": 0, "percent_statements_covered": 75.0, "percent_statements_covered_display": "75"}, "missing_lines": [205, 206], "excluded_lines": [], "start_line": 189}, "": {"executed_lines": [2, 4, 6, 7, 8, 9, 10, 11, 12, 14, 16, 18, 20, 21, 23, 25, 28, 31, 32, 33, 34, 37, 40, 41, 44, 45, 66, 68, 70, 72, 75, 76, 84, 91, 103, 112, 127, 144, 189], "summary": {"covered_lines": 39, "num_statements": 39, "percent_covered": 100.0, "percent_covered_display": "100", "missing_lines": 0, "excluded_lines": 0, "percent_statements_covered": 100.0, "percent_statements_covered_display": "100"}, "missing_lines": [], "excluded_lines": [], "start_line": 1}}, "classes": {"_CompactAssistToml": {"executed_lines": [], "summary": {"covered_lines": 0, "num_statements": 0, "percent_covered": 100.0, "percent_covered_display": "100", "missing_lines": 0, "excluded_lines": 0, "percent_statements_covered": 100.0, "percent_statements_covered_display": "100"}, "missing_lines": [], "excluded_lines": [], "start_line": 28}, "_ConfigToml": {"executed_lines": [], "summary": {"covered_lines": 0, "num_statements": 0, "percent_covered": 100.0, "percent_covered_display": "100", "missing_lines": 0, "excluded_lines": 0, "percent_statements_covered": 100.0, "percent_statements_covered_display": "100"}, "missing_lines": [], "excluded_lines": [], "start_line": 37}, "CompactAssistConfig": {"executed_lines": [], "summary": {"covered_lines": 0, "num_statements": 0, "percent_covered": 100.0, "percent_covered_display": "100", "missing_lines": 0, "excluded_lines": 0, "percent_statements_covered": 100.0, "percent_statements_covered_display": "100"}, "missing_lines": [], "excluded_lines": [], "start_line": 45}, "Config": {"executed_lines": [], "summary": {"covered_lines": 0, "num_statements": 0, "percent_covered": 100.0, "percent_covered_display": "100", "missing_lines": 0, "excluded_lines": 0, "percent_statements_covered": 100.0, "percent_statements_covered_display": "100"}, "missing_lines": [], "excluded_lines": [], "start_line": 76}, "": {"executed_lines": [2, 4, 6, 7, 8, 9, 10, 11, 12, 14, 16, 18, 20, 21, 23, 25, 28, 31, 32, 33, 34, 37, 40, 41, 44, 45, 66, 68, 70, 72, 75, 76, 84, 91, 92, 93, 94, 97, 103, 104, 105, 112, 113, 116, 117, 118, 120, 127, 133, 134, 137, 144, 146, 147, 148, 149, 150, 151, 152, 153, 154, 156, 158, 159, 166, 167, 178, 182, 183, 184, 186, 189, 191, 192, 193, 194, 203, 204], "summary": {"covered_lines": 78, "num_statements": 93, "percent_covered": 83.87096774193549, "percent_covered_display": "84", "missing_lines": 15, "excluded_lines": 0, "percent_statements_covered": 83.87096774193549, "percent_statements_covered_display": "84"}, "missing_lines": [95, 96, 98, 99, 100, 106, 107, 108, 109, 114, 115, 119, 160, 205, 206], "excluded_lines": [], "start_line": 1}}}, "src\\token_goat\\db.py": {"executed_lines": [2, 4, 5, 6, 7, 8, 9, 10, 11, 13, 14, 15, 16, 18, 20, 21, 23, 26, 29, 33, 37, 41, 45, 53, 62, 63, 64, 65, 66, 67, 68, 69, 70, 89, 92, 93, 94, 95, 96, 97, 98, 99, 102, 103, 110, 116, 126, 127, 135, 137, 140, 147, 148, 149, 150, 151, 152, 153, 163, 203, 304, 312, 318, 319, 320, 321, 322, 336, 343, 344, 345, 349, 351, 361, 362, 373, 379, 380, 381, 382, 383, 384, 385, 386, 387, 388, 397, 398, 400, 401, 402, 403, 405, 413, 414, 415, 417, 418, 419, 422, 427, 432, 437, 438, 439, 440, 441, 442, 445, 446, 448, 449, 450, 451, 452, 454, 462, 463, 464, 466, 467, 468, 475, 488, 489, 490, 491, 492, 493, 494, 496, 497, 498, 499, 504, 505, 506, 507, 508, 509, 510, 511, 512, 514, 515, 518, 519, 525, 526, 527, 528, 529, 530, 532, 533, 536, 537, 542, 543, 544, 545, 546, 547, 548, 550, 551, 558, 559, 566, 568, 569, 570, 571, 572, 574, 580, 581, 582, 583, 584, 585, 586, 590, 592, 593, 594, 595, 596, 598, 601, 602, 603, 607, 608, 609, 610, 611, 612, 613, 614, 615, 616, 617, 619, 620, 624, 625, 628, 629, 630, 632, 633, 634, 641, 651, 653, 654, 655, 656, 657, 658, 661, 670, 671, 672, 686, 749, 757, 758, 759, 760, 761, 762, 763, 765, 766], "summary": {"covered_lines": 236, "num_statements": 335, "percent_covered": 70.44776119402985, "percent_covered_display": "70", "missing_lines": 99, "excluded_lines": 0, "percent_statements_covered": 70.44776119402985, "percent_statements_covered_display": "70"}, "missing_lines": [74, 79, 80, 81, 82, 83, 84, 85, 88, 100, 101, 112, 113, 128, 129, 130, 132, 133, 136, 154, 155, 156, 326, 330, 331, 333, 350, 355, 356, 357, 358, 359, 363, 364, 365, 366, 406, 407, 411, 412, 455, 456, 460, 461, 587, 588, 599, 600, 604, 605, 626, 643, 644, 645, 646, 647, 648, 676, 678, 679, 681, 682, 683, 695, 696, 709, 710, 711, 712, 713, 714, 715, 716, 718, 719, 720, 721, 722, 724, 725, 726, 727, 728, 730, 731, 733, 736, 738, 741, 743, 744, 745, 746, 767, 771, 772, 774, 775, 776], "excluded_lines": [], "functions": {"_connect": {"executed_lines": [62, 63, 64, 65, 66, 67, 68, 69, 70, 89, 92, 93, 94, 95, 96, 97, 98, 99, 102, 103], "summary": {"covered_lines": 20, "num_statements": 31, "percent_covered": 64.51612903225806, "percent_covered_display": "65", "missing_lines": 11, "excluded_lines": 0, "percent_statements_covered": 64.51612903225806, "percent_statements_covered_display": "65"}, "missing_lines": [74, 79, 80, 81, 82, 83, 84, 85, 88, 100, 101], "excluded_lines": [], "start_line": 53}, "_is_transient_db_error": {"executed_lines": [], "summary": {"covered_lines": 0, "num_statements": 2, "percent_covered": 0.0, "percent_covered_display": "0", "missing_lines": 2, "excluded_lines": 0, "percent_statements_covered": 0.0, "percent_statements_covered_display": "0"}, "missing_lines": [112, 113], "excluded_lines": [], "start_line": 110}, "_integrity_ok": {"executed_lines": [126, 127, 135, 137], "summary": {"covered_lines": 4, "num_statements": 10, "percent_covered": 40.0, "percent_covered_display": "40", "missing_lines": 6, "excluded_lines": 0, "percent_statements_covered": 40.0, "percent_statements_covered_display": "40"}, "missing_lines": [128, 129, 130, 132, 133, 136], "excluded_lines": [], "start_line": 116}, "_rebuild": {"executed_lines": [147, 148, 149, 150, 151, 152, 153], "summary": {"covered_lines": 7, "num_statements": 10, "percent_covered": 70.0, "percent_covered_display": "70", "missing_lines": 3, "excluded_lines": 0, "percent_statements_covered": 70.0, "percent_statements_covered_display": "70"}, "missing_lines": [154, 155, 156], "excluded_lines": [], "start_line": 140}, "_ensure_global_schema": {"executed_lines": [318, 319, 320, 321, 322], "summary": {"covered_lines": 5, "num_statements": 9, "percent_covered": 55.55555555555556, "percent_covered_display": "56", "missing_lines": 4, "excluded_lines": 0, "percent_statements_covered": 55.55555555555556, "percent_statements_covered_display": "56"}, "missing_lines": [326, 330, 331, 333], "excluded_lines": [], "start_line": 312}, "_ensure_project_schema": {"executed_lines": [343, 344, 345, 349, 351, 361, 362], "summary": {"covered_lines": 7, "num_statements": 17, "percent_covered": 41.1764705882353, "percent_covered_display": "41", "missing_lines": 10, "excluded_lines": 0, "percent_statements_covered": 41.1764705882353, "percent_statements_covered_display": "41"}, "missing_lines": [350, 355, 356, 357, 358, 359, 363, 364, 365, 366], "excluded_lines": [], "start_line": 336}, "_open_with_rebuild": {"executed_lines": [379, 380, 381, 382, 383, 384, 385, 386, 387, 388], "summary": {"covered_lines": 10, "num_statements": 10, "percent_covered": 100.0, "percent_covered_display": "100", "missing_lines": 0, "excluded_lines": 0, "percent_statements_covered": 100.0, "percent_statements_covered_display": "100"}, "missing_lines": [], "excluded_lines": [], "start_line": 373}, "open_global": {"executed_lines": [400, 401, 402, 403, 405, 413, 414, 415, 417, 418, 419], "summary": {"covered_lines": 11, "num_statements": 15, "percent_covered": 73.33333333333333, "percent_covered_display": "73", "missing_lines": 4, "excluded_lines": 0, "percent_statements_covered": 73.33333333333333, "percent_statements_covered_display": "73"}, "missing_lines": [406, 407, 411, 412], "excluded_lines": [], "start_line": 398}, "_validate_project_hash": {"executed_lines": [437, 438, 439, 440, 441, 442], "summary": {"covered_lines": 6, "num_statements": 6, "percent_covered": 100.0, "percent_covered_display": "100", "missing_lines": 0, "excluded_lines": 0, "percent_statements_covered": 100.0, "percent_statements_covered_display": "100"}, "missing_lines": [], "excluded_lines": [], "start_line": 432}, "open_project": {"executed_lines": [448, 449, 450, 451, 452, 454, 462, 463, 464, 466, 467, 468], "summary": {"covered_lines": 12, "num_statements": 16, "percent_covered": 75.0, "percent_covered_display": "75", "missing_lines": 4, "excluded_lines": 0, "percent_statements_covered": 75.0, "percent_statements_covered_display": "75"}, "missing_lines": [455, 456, 460, 461], "excluded_lines": [], "start_line": 446}, "_connect_readonly": {"executed_lines": [488, 489, 490, 491, 492, 493, 494, 496, 497, 498, 499, 504, 505, 506, 507, 508, 509, 510, 511, 512, 514, 515], "summary": {"covered_lines": 22, "num_statements": 22, "percent_covered": 100.0, "percent_covered_display": "100", "missing_lines": 0, "excluded_lines": 0, "percent_statements_covered": 100.0, "percent_statements_covered_display": "100"}, "missing_lines": [], "excluded_lines": [], "start_line": 475}, "open_global_readonly": {"executed_lines": [525, 526, 527, 528, 529, 530, 532, 533], "summary": {"covered_lines": 8, "num_statements": 8, "percent_covered": 100.0, "percent_covered_display": "100", "missing_lines": 0, "excluded_lines": 0, "percent_statements_covered": 100.0, "percent_statements_covered_display": "100"}, "missing_lines": [], "excluded_lines": [], "start_line": 519}, "open_project_readonly": {"executed_lines": [542, 543, 544, 545, 546, 547, 548, 550, 551], "summary": {"covered_lines": 9, "num_statements": 9, "percent_covered": 100.0, "percent_covered_display": "100", "missing_lines": 0, "excluded_lines": 0, "percent_statements_covered": 100.0, "percent_statements_covered_display": "100"}, "missing_lines": [], "excluded_lines": [], "start_line": 537}, "project_writer_lock": {"executed_lines": [566, 568, 569, 570, 571, 572, 574, 590, 607, 608, 609, 610, 611, 612, 613, 614, 615, 616, 617, 619, 620, 624, 625, 628, 629, 630, 632, 633, 634], "summary": {"covered_lines": 29, "num_statements": 30, "percent_covered": 96.66666666666667, "percent_covered_display": "97", "missing_lines": 1, "excluded_lines": 0, "percent_statements_covered": 96.66666666666667, "percent_statements_covered_display": "97"}, "missing_lines": [626], "excluded_lines": [], "start_line": 559}, "project_writer_lock._stale": {"executed_lines": [580, 581, 582, 583, 584, 585, 586], "summary": {"covered_lines": 7, "num_statements": 9, "percent_covered": 77.77777777777777, "percent_covered_display": "78", "missing_lines": 2, "excluded_lines": 0, "percent_statements_covered": 77.77777777777777, "percent_statements_covered_display": "78"}, "missing_lines": [587, 588], "excluded_lines": [], "start_line": 574}, "project_writer_lock._try_acquire": {"executed_lines": [592, 593, 594, 595, 596, 598, 601, 602, 603], "summary": {"covered_lines": 9, "num_statements": 13, "percent_covered": 69.23076923076923, "percent_covered_display": "69", "missing_lines": 4, "excluded_lines": 0, "percent_statements_covered": 69.23076923076923, "percent_statements_covered_display": "69"}, "missing_lines": [599, 600, 604, 605], "excluded_lines": [], "start_line": 590}, "file_count": {"executed_lines": [], "summary": {"covered_lines": 0, "num_statements": 6, "percent_covered": 0.0, "percent_covered_display": "0", "missing_lines": 6, "excluded_lines": 0, "percent_statements_covered": 0.0, "percent_statements_covered_display": "0"}, "missing_lines": [643, 644, 645, 646, 647, 648], "excluded_lines": [], "start_line": 641}, "project_has_files": {"executed_lines": [653, 654, 655, 656, 657, 658], "summary": {"covered_lines": 6, "num_statements": 6, "percent_covered": 100.0, "percent_covered_display": "100", "missing_lines": 0, "excluded_lines": 0, "percent_statements_covered": 100.0, "percent_statements_covered_display": "100"}, "missing_lines": [], "excluded_lines": [], "start_line": 651}, "touch_project_last_seen": {"executed_lines": [670, 671, 672], "summary": {"covered_lines": 3, "num_statements": 9, "percent_covered": 33.333333333333336, "percent_covered_display": "33", "missing_lines": 6, "excluded_lines": 0, "percent_statements_covered": 33.333333333333336, "percent_statements_covered_display": "33"}, "missing_lines": [676, 678, 679, 681, 682, 683], "excluded_lines": [], "start_line": 661}, "index_health": {"executed_lines": [], "summary": {"covered_lines": 0, "num_statements": 26, "percent_covered": 0.0, "percent_covered_display": "0", "missing_lines": 26, "excluded_lines": 0, "percent_statements_covered": 0.0, "percent_statements_covered_display": "0"}, "missing_lines": [695, 696, 709, 710, 711, 712, 713, 714, 715, 716, 718, 724, 725, 726, 727, 728, 730, 731, 733, 736, 738, 741, 743, 744, 745, 746], "excluded_lines": [], "start_line": 686}, "index_health._count": {"executed_lines": [], "summary": {"covered_lines": 0, "num_statements": 4, "percent_covered": 0.0, "percent_covered_display": "0", "missing_lines": 4, "excluded_lines": 0, "percent_statements_covered": 0.0, "percent_statements_covered_display": "0"}, "missing_lines": [719, 720, 721, 722], "excluded_lines": [], "start_line": 718}, "record_stat": {"executed_lines": [757, 758, 759, 760, 761, 762, 763, 765, 766], "summary": {"covered_lines": 9, "num_statements": 15, "percent_covered": 60.0, "percent_covered_display": "60", "missing_lines": 6, "excluded_lines": 0, "percent_statements_covered": 60.0, "percent_statements_covered_display": "60"}, "missing_lines": [767, 771, 772, 774, 775, 776], "excluded_lines": [], "start_line": 749}, "": {"executed_lines": [2, 4, 5, 6, 7, 8, 9, 10, 11, 13, 14, 15, 16, 18, 20, 21, 23, 26, 29, 33, 37, 41, 45, 53, 110, 116, 140, 163, 203, 304, 312, 336, 373, 397, 398, 422, 427, 432, 445, 446, 475, 518, 519, 536, 537, 558, 559, 641, 651, 661, 686, 749], "summary": {"covered_lines": 52, "num_statements": 52, "percent_covered": 100.0, "percent_covered_display": "100", "missing_lines": 0, "excluded_lines": 0, "percent_statements_covered": 100.0, "percent_statements_covered_display": "100"}, "missing_lines": [], "excluded_lines": [], "start_line": 1}}, "classes": {"DBError": {"executed_lines": [], "summary": {"covered_lines": 0, "num_statements": 0, "percent_covered": 100.0, "percent_covered_display": "100", "missing_lines": 0, "excluded_lines": 0, "percent_statements_covered": 100.0, "percent_statements_covered_display": "100"}, "missing_lines": [], "excluded_lines": [], "start_line": 29}, "DBCorruptionError": {"executed_lines": [], "summary": {"covered_lines": 0, "num_statements": 0, "percent_covered": 100.0, "percent_covered_display": "100", "missing_lines": 0, "excluded_lines": 0, "percent_statements_covered": 100.0, "percent_statements_covered_display": "100"}, "missing_lines": [], "excluded_lines": [], "start_line": 33}, "DBBusyError": {"executed_lines": [], "summary": {"covered_lines": 0, "num_statements": 0, "percent_covered": 100.0, "percent_covered_display": "100", "missing_lines": 0, "excluded_lines": 0, "percent_statements_covered": 100.0, "percent_statements_covered_display": "100"}, "missing_lines": [], "excluded_lines": [], "start_line": 37}, "DBReadOnlyError": {"executed_lines": [], "summary": {"covered_lines": 0, "num_statements": 0, "percent_covered": 100.0, "percent_covered_display": "100", "missing_lines": 0, "excluded_lines": 0, "percent_statements_covered": 100.0, "percent_statements_covered_display": "100"}, "missing_lines": [], "excluded_lines": [], "start_line": 41}, "VecExtensionUnavailable": {"executed_lines": [], "summary": {"covered_lines": 0, "num_statements": 0, "percent_covered": 100.0, "percent_covered_display": "100", "missing_lines": 0, "excluded_lines": 0, "percent_statements_covered": 100.0, "percent_statements_covered_display": "100"}, "missing_lines": [], "excluded_lines": [], "start_line": 45}, "": {"executed_lines": [2, 4, 5, 6, 7, 8, 9, 10, 11, 13, 14, 15, 16, 18, 20, 21, 23, 26, 29, 33, 37, 41, 45, 53, 62, 63, 64, 65, 66, 67, 68, 69, 70, 89, 92, 93, 94, 95, 96, 97, 98, 99, 102, 103, 110, 116, 126, 127, 135, 137, 140, 147, 148, 149, 150, 151, 152, 153, 163, 203, 304, 312, 318, 319, 320, 321, 322, 336, 343, 344, 345, 349, 351, 361, 362, 373, 379, 380, 381, 382, 383, 384, 385, 386, 387, 388, 397, 398, 400, 401, 402, 403, 405, 413, 414, 415, 417, 418, 419, 422, 427, 432, 437, 438, 439, 440, 441, 442, 445, 446, 448, 449, 450, 451, 452, 454, 462, 463, 464, 466, 467, 468, 475, 488, 489, 490, 491, 492, 493, 494, 496, 497, 498, 499, 504, 505, 506, 507, 508, 509, 510, 511, 512, 514, 515, 518, 519, 525, 526, 527, 528, 529, 530, 532, 533, 536, 537, 542, 543, 544, 545, 546, 547, 548, 550, 551, 558, 559, 566, 568, 569, 570, 571, 572, 574, 580, 581, 582, 583, 584, 585, 586, 590, 592, 593, 594, 595, 596, 598, 601, 602, 603, 607, 608, 609, 610, 611, 612, 613, 614, 615, 616, 617, 619, 620, 624, 625, 628, 629, 630, 632, 633, 634, 641, 651, 653, 654, 655, 656, 657, 658, 661, 670, 671, 672, 686, 749, 757, 758, 759, 760, 761, 762, 763, 765, 766], "summary": {"covered_lines": 236, "num_statements": 335, "percent_covered": 70.44776119402985, "percent_covered_display": "70", "missing_lines": 99, "excluded_lines": 0, "percent_statements_covered": 70.44776119402985, "percent_statements_covered_display": "70"}, "missing_lines": [74, 79, 80, 81, 82, 83, 84, 85, 88, 100, 101, 112, 113, 128, 129, 130, 132, 133, 136, 154, 155, 156, 326, 330, 331, 333, 350, 355, 356, 357, 358, 359, 363, 364, 365, 366, 406, 407, 411, 412, 455, 456, 460, 461, 587, 588, 599, 600, 604, 605, 626, 643, 644, 645, 646, 647, 648, 676, 678, 679, 681, 682, 683, 695, 696, 709, 710, 711, 712, 713, 714, 715, 716, 718, 719, 720, 721, 722, 724, 725, 726, 727, 728, 730, 731, 733, 736, 738, 741, 743, 744, 745, 746, 767, 771, 772, 774, 775, 776], "excluded_lines": [], "start_line": 1}}}, "src\\token_goat\\embeddings.py": {"executed_lines": [2, 4, 5, 6, 7, 8, 9, 10, 11, 12, 14, 15, 16, 22, 25, 26, 27, 28, 29, 31, 33, 34, 37, 38, 41, 44, 50, 53, 57, 58, 69, 70, 71, 72, 73, 76, 77, 88, 89, 90, 91, 92, 93, 100, 103, 122, 124, 125, 126, 131, 161, 169, 175, 181, 184, 186, 189, 196, 199, 200, 201, 202, 203, 204, 205, 206, 207, 209, 210, 213, 216, 217, 218, 219, 220, 221, 222, 223, 224, 226, 227, 230, 242, 244, 245, 246, 247, 249, 251, 252, 254, 257, 261, 262, 263, 264, 265, 267, 274, 276, 279, 281, 282, 283, 284, 285, 292, 300, 301, 303, 304, 305, 306, 308, 312, 318, 319, 322, 326, 327, 330, 331, 332, 333, 334, 337, 338, 339, 340, 341, 344, 345, 346, 347, 348, 349, 350, 351, 357, 360, 361, 368, 373, 374, 375, 388, 389, 390, 391, 395, 399, 403, 408, 421, 448, 449, 450, 451, 452, 453, 455, 456, 457, 458, 459, 470, 471, 474], "summary": {"covered_lines": 168, "num_statements": 208, "percent_covered": 80.76923076923077, "percent_covered_display": "81", "missing_lines": 40, "excluded_lines": 2, "percent_statements_covered": 80.76923076923077, "percent_statements_covered_display": "81"}, "missing_lines": [105, 106, 107, 109, 110, 111, 112, 115, 116, 117, 118, 119, 127, 128, 150, 151, 152, 153, 154, 197, 198, 225, 231, 232, 233, 234, 235, 236, 237, 238, 239, 253, 255, 258, 259, 313, 369, 370, 371, 396], "excluded_lines": [18, 19], "functions": {"_get_model": {"executed_lines": [], "summary": {"covered_lines": 0, "num_statements": 12, "percent_covered": 0.0, "percent_covered_display": "0", "missing_lines": 12, "excluded_lines": 0, "percent_statements_covered": 0.0, "percent_statements_covered_display": "0"}, "missing_lines": [105, 106, 107, 109, 110, 111, 112, 115, 116, 117, 118, 119], "excluded_lines": [], "start_line": 103}, "is_available": {"executed_lines": [124, 125, 126], "summary": {"covered_lines": 3, "num_statements": 5, "percent_covered": 60.0, "percent_covered_display": "60", "missing_lines": 2, "excluded_lines": 0, "percent_statements_covered": 60.0, "percent_statements_covered_display": "60"}, "missing_lines": [127, 128], "excluded_lines": [], "start_line": 122}, "embed_texts": {"executed_lines": [], "summary": {"covered_lines": 0, "num_statements": 5, "percent_covered": 0.0, "percent_covered_display": "0", "missing_lines": 5, "excluded_lines": 0, "percent_statements_covered": 0.0, "percent_statements_covered_display": "0"}, "missing_lines": [150, 151, 152, 153, 154], "excluded_lines": [], "start_line": 131}, "_fetch_chunk_metadata": {"executed_lines": [169, 175, 181, 184, 186], "summary": {"covered_lines": 5, "num_statements": 5, "percent_covered": 100.0, "percent_covered_display": "100", "missing_lines": 0, "excluded_lines": 0, "percent_statements_covered": 100.0, "percent_statements_covered_display": "100"}, "missing_lines": [], "excluded_lines": [], "start_line": 161}, "extract_chunks_for_file": {"executed_lines": [196, 199, 200, 201, 202, 203, 204, 205, 206, 207, 209, 210, 213, 216, 217, 218, 219, 220, 221, 222, 223, 224, 226, 227, 230, 242, 244, 245, 246, 247, 249, 251, 252, 254, 257, 261, 262, 263, 264, 265, 267], "summary": {"covered_lines": 41, "num_statements": 57, "percent_covered": 71.9298245614035, "percent_covered_display": "72", "missing_lines": 16, "excluded_lines": 0, "percent_statements_covered": 71.9298245614035, "percent_statements_covered_display": "72"}, "missing_lines": [197, 198, 225, 231, 232, 233, 234, 235, 236, 237, 238, 239, 253, 255, 258, 259], "excluded_lines": [], "start_line": 189}, "_pack_vec": {"executed_lines": [276], "summary": {"covered_lines": 1, "num_statements": 1, "percent_covered": 100.0, "percent_covered_display": "100", "missing_lines": 0, "excluded_lines": 0, "percent_statements_covered": 100.0, "percent_statements_covered_display": "100"}, "missing_lines": [], "excluded_lines": [], "start_line": 274}, "_check_vec_available": {"executed_lines": [281, 282, 283, 284, 285], "summary": {"covered_lines": 5, "num_statements": 5, "percent_covered": 100.0, "percent_covered_display": "100", "missing_lines": 0, "excluded_lines": 0, "percent_statements_covered": 100.0, "percent_statements_covered_display": "100"}, "missing_lines": [], "excluded_lines": [], "start_line": 279}, "index_project_embeddings": {"executed_lines": [300, 301, 303, 304, 305, 306, 308, 312, 318, 319, 322, 326, 327, 330, 331, 332, 333, 334, 337, 338, 339, 340, 341, 344, 345, 346, 347, 348, 349, 350, 351, 357, 360, 361, 368, 373, 374, 375, 388, 389, 390, 391, 395, 399, 403, 408], "summary": {"covered_lines": 46, "num_statements": 51, "percent_covered": 90.19607843137256, "percent_covered_display": "90", "missing_lines": 5, "excluded_lines": 0, "percent_statements_covered": 90.19607843137256, "percent_statements_covered_display": "90"}, "missing_lines": [313, 369, 370, 371, 396], "excluded_lines": [], "start_line": 292}, "semantic_search": {"executed_lines": [448, 449, 450, 451, 452, 453, 455, 456, 457, 458, 459, 470, 471, 474], "summary": {"covered_lines": 14, "num_statements": 14, "percent_covered": 100.0, "percent_covered_display": "100", "missing_lines": 0, "excluded_lines": 0, "percent_statements_covered": 100.0, "percent_statements_covered_display": "100"}, "missing_lines": [], "excluded_lines": [], "start_line": 421}, "": {"executed_lines": [2, 4, 5, 6, 7, 8, 9, 10, 11, 12, 14, 15, 16, 22, 25, 26, 27, 28, 29, 31, 33, 34, 37, 38, 41, 44, 50, 53, 57, 58, 69, 70, 71, 72, 73, 76, 77, 88, 89, 90, 91, 92, 93, 100, 103, 122, 131, 161, 189, 274, 279, 292, 421], "summary": {"covered_lines": 53, "num_statements": 53, "percent_covered": 100.0, "percent_covered_display": "100", "missing_lines": 0, "excluded_lines": 2, "percent_statements_covered": 100.0, "percent_statements_covered_display": "100"}, "missing_lines": [], "excluded_lines": [18, 19], "start_line": 1}}, "classes": {"EmbeddingsResult": {"executed_lines": [], "summary": {"covered_lines": 0, "num_statements": 0, "percent_covered": 100.0, "percent_covered_display": "100", "missing_lines": 0, "excluded_lines": 0, "percent_statements_covered": 100.0, "percent_statements_covered_display": "100"}, "missing_lines": [], "excluded_lines": [], "start_line": 22}, "EmbeddingsUnavailable": {"executed_lines": [], "summary": {"covered_lines": 0, "num_statements": 0, "percent_covered": 100.0, "percent_covered_display": "100", "missing_lines": 0, "excluded_lines": 0, "percent_statements_covered": 100.0, "percent_statements_covered_display": "100"}, "missing_lines": [], "excluded_lines": [], "start_line": 53}, "Chunk": {"executed_lines": [], "summary": {"covered_lines": 0, "num_statements": 0, "percent_covered": 100.0, "percent_covered_display": "100", "missing_lines": 0, "excluded_lines": 0, "percent_statements_covered": 100.0, "percent_statements_covered_display": "100"}, "missing_lines": [], "excluded_lines": [], "start_line": 58}, "SearchHit": {"executed_lines": [], "summary": {"covered_lines": 0, "num_statements": 0, "percent_covered": 100.0, "percent_covered_display": "100", "missing_lines": 0, "excluded_lines": 0, "percent_statements_covered": 100.0, "percent_statements_covered_display": "100"}, "missing_lines": [], "excluded_lines": [], "start_line": 77}, "": {"executed_lines": [2, 4, 5, 6, 7, 8, 9, 10, 11, 12, 14, 15, 16, 22, 25, 26, 27, 28, 29, 31, 33, 34, 37, 38, 41, 44, 50, 53, 57, 58, 69, 70, 71, 72, 73, 76, 77, 88, 89, 90, 91, 92, 93, 100, 103, 122, 124, 125, 126, 131, 161, 169, 175, 181, 184, 186, 189, 196, 199, 200, 201, 202, 203, 204, 205, 206, 207, 209, 210, 213, 216, 217, 218, 219, 220, 221, 222, 223, 224, 226, 227, 230, 242, 244, 245, 246, 247, 249, 251, 252, 254, 257, 261, 262, 263, 264, 265, 267, 274, 276, 279, 281, 282, 283, 284, 285, 292, 300, 301, 303, 304, 305, 306, 308, 312, 318, 319, 322, 326, 327, 330, 331, 332, 333, 334, 337, 338, 339, 340, 341, 344, 345, 346, 347, 348, 349, 350, 351, 357, 360, 361, 368, 373, 374, 375, 388, 389, 390, 391, 395, 399, 403, 408, 421, 448, 449, 450, 451, 452, 453, 455, 456, 457, 458, 459, 470, 471, 474], "summary": {"covered_lines": 168, "num_statements": 208, "percent_covered": 80.76923076923077, "percent_covered_display": "81", "missing_lines": 40, "excluded_lines": 2, "percent_statements_covered": 80.76923076923077, "percent_statements_covered_display": "81"}, "missing_lines": [105, 106, 107, 109, 110, 111, 112, 115, 116, 117, 118, 119, 127, 128, 150, 151, 152, 153, 154, 197, 198, 225, 231, 232, 233, 234, 235, 236, 237, 238, 239, 253, 255, 258, 259, 313, 369, 370, 371, 396], "excluded_lines": [18, 19], "start_line": 1}}}, "src\\token_goat\\gdrive.py": {"executed_lines": [2, 4, 5, 6, 8, 10, 12, 15, 25, 27, 28, 30, 31, 32, 33, 34, 37, 39, 40, 41, 42, 43, 44, 46, 47, 52, 53, 55, 56, 59, 61, 62, 63, 64, 65, 66, 67, 74, 80, 81, 82, 83, 85, 86, 88, 89, 91, 92, 95, 101, 102, 104, 105, 107, 109, 112, 113, 117, 119, 120, 124, 125, 128, 129, 132, 133, 137, 138, 141, 147, 149, 150, 151, 152, 153, 154, 158, 159, 160, 161, 166, 167, 172], "summary": {"covered_lines": 83, "num_statements": 112, "percent_covered": 74.10714285714286, "percent_covered_display": "74", "missing_lines": 29, "excluded_lines": 0, "percent_statements_covered": 74.10714285714286, "percent_statements_covered_display": "74"}, "missing_lines": [48, 50, 51, 84, 114, 115, 118, 126, 134, 135, 142, 143, 144, 145, 155, 156, 162, 163, 169, 177, 179, 184, 185, 186, 187, 189, 190, 191, 192], "excluded_lines": [], "functions": {"_try_adc": {"executed_lines": [27, 28, 30, 31, 32, 33, 34], "summary": {"covered_lines": 7, "num_statements": 7, "percent_covered": 100.0, "percent_covered_display": "100", "missing_lines": 0, "excluded_lines": 0, "percent_statements_covered": 100.0, "percent_statements_covered_display": "100"}, "missing_lines": [], "excluded_lines": [], "start_line": 25}, "_try_stored_oauth": {"executed_lines": [39, 40, 41, 42, 43, 44, 46, 47, 52, 53, 55, 56], "summary": {"covered_lines": 12, "num_statements": 15, "percent_covered": 80.0, "percent_covered_display": "80", "missing_lines": 3, "excluded_lines": 0, "percent_statements_covered": 80.0, "percent_statements_covered_display": "80"}, "missing_lines": [48, 50, 51], "excluded_lines": [], "start_line": 37}, "get_credentials": {"executed_lines": [61, 62, 63, 64, 65, 66, 67], "summary": {"covered_lines": 7, "num_statements": 7, "percent_covered": 100.0, "percent_covered_display": "100", "missing_lines": 0, "excluded_lines": 0, "percent_statements_covered": 100.0, "percent_statements_covered_display": "100"}, "missing_lines": [], "excluded_lines": [], "start_line": 59}, "_validate_file_id": {"executed_lines": [80, 81, 82, 83, 85, 86, 88, 89, 91, 92], "summary": {"covered_lines": 10, "num_statements": 11, "percent_covered": 90.9090909090909, "percent_covered_display": "91", "missing_lines": 1, "excluded_lines": 0, "percent_statements_covered": 90.9090909090909, "percent_statements_covered_display": "91"}, "missing_lines": [84], "excluded_lines": [], "start_line": 74}, "fetch_file": {"executed_lines": [101, 102, 104, 105, 107, 109, 112, 113, 117, 119, 120, 124, 125, 128, 129, 132, 133, 137, 138, 141, 147, 149, 150, 151, 152, 153, 154, 158, 159, 160, 161, 166, 167], "summary": {"covered_lines": 33, "num_statements": 48, "percent_covered": 68.75, "percent_covered_display": "69", "missing_lines": 15, "excluded_lines": 0, "percent_statements_covered": 68.75, "percent_statements_covered_display": "69"}, "missing_lines": [114, 115, 118, 126, 134, 135, 142, 143, 144, 145, 155, 156, 162, 163, 169], "excluded_lines": [], "start_line": 95}, "run_oauth_oob_flow": {"executed_lines": [], "summary": {"covered_lines": 0, "num_statements": 10, "percent_covered": 0.0, "percent_covered_display": "0", "missing_lines": 10, "excluded_lines": 0, "percent_statements_covered": 0.0, "percent_statements_covered_display": "0"}, "missing_lines": [177, 179, 184, 185, 186, 187, 189, 190, 191, 192], "excluded_lines": [], "start_line": 172}, "": {"executed_lines": [2, 4, 5, 6, 8, 10, 12, 15, 25, 37, 59, 74, 95, 172], "summary": {"covered_lines": 14, "num_statements": 14, "percent_covered": 100.0, "percent_covered_display": "100", "missing_lines": 0, "excluded_lines": 0, "percent_statements_covered": 100.0, "percent_statements_covered_display": "100"}, "missing_lines": [], "excluded_lines": [], "start_line": 1}}, "classes": {"GDriveCredsUnavailable": {"executed_lines": [], "summary": {"covered_lines": 0, "num_statements": 0, "percent_covered": 100.0, "percent_covered_display": "100", "missing_lines": 0, "excluded_lines": 0, "percent_statements_covered": 100.0, "percent_statements_covered_display": "100"}, "missing_lines": [], "excluded_lines": [], "start_line": 15}, "": {"executed_lines": [2, 4, 5, 6, 8, 10, 12, 15, 25, 27, 28, 30, 31, 32, 33, 34, 37, 39, 40, 41, 42, 43, 44, 46, 47, 52, 53, 55, 56, 59, 61, 62, 63, 64, 65, 66, 67, 74, 80, 81, 82, 83, 85, 86, 88, 89, 91, 92, 95, 101, 102, 104, 105, 107, 109, 112, 113, 117, 119, 120, 124, 125, 128, 129, 132, 133, 137, 138, 141, 147, 149, 150, 151, 152, 153, 154, 158, 159, 160, 161, 166, 167, 172], "summary": {"covered_lines": 83, "num_statements": 112, "percent_covered": 74.10714285714286, "percent_covered_display": "74", "missing_lines": 29, "excluded_lines": 0, "percent_statements_covered": 74.10714285714286, "percent_statements_covered_display": "74"}, "missing_lines": [48, 50, 51, 84, 114, 115, 118, 126, 134, 135, 142, 143, 144, 145, 155, 156, 162, 163, 169, 177, 179, 184, 185, 186, 187, 189, 190, 191, 192], "excluded_lines": [], "start_line": 1}}}, "src\\token_goat\\hints.py": {"executed_lines": [2, 4, 5, 6, 8, 9, 11, 14, 15, 16, 19, 20, 21, 24, 39, 41, 42, 43, 44, 47, 49, 52, 54, 57, 59, 60, 61, 62, 63, 64, 65, 68, 76, 77, 79, 80, 84, 94, 107, 108, 109, 110, 112, 113, 114, 116, 117, 119, 120, 121, 122, 125, 135, 136, 139, 140, 143, 144, 145, 148, 156, 163, 167, 168, 169, 170, 180, 181, 182, 183, 184, 185, 186, 187, 188, 190, 191, 194, 195, 196, 206, 207, 211, 212, 213, 225, 228, 235, 236, 238, 239, 240, 242, 243, 244, 247, 248, 249, 250, 253, 256, 257, 260, 261, 263, 264, 265, 266, 267, 268, 269, 271, 272, 273, 283], "summary": {"covered_lines": 115, "num_statements": 121, "percent_covered": 95.04132231404958, "percent_covered_display": "95", "missing_lines": 6, "excluded_lines": 0, "percent_statements_covered": 95.04132231404958, "percent_statements_covered_display": "95"}, "missing_lines": [85, 86, 87, 88, 92, 262], "excluded_lines": [], "functions": {"ReadHint.__new__": {"executed_lines": [42, 43, 44], "summary": {"covered_lines": 3, "num_statements": 3, "percent_covered": 100.0, "percent_covered_display": "100", "missing_lines": 0, "excluded_lines": 0, "percent_statements_covered": 100.0, "percent_statements_covered_display": "100"}, "missing_lines": [], "excluded_lines": [], "start_line": 41}, "_est_tokens_from_lines": {"executed_lines": [49], "summary": {"covered_lines": 1, "num_statements": 1, "percent_covered": 100.0, "percent_covered_display": "100", "missing_lines": 0, "excluded_lines": 0, "percent_statements_covered": 100.0, "percent_statements_covered_display": "100"}, "missing_lines": [], "excluded_lines": [], "start_line": 47}, "_est_tokens_from_chars": {"executed_lines": [54], "summary": {"covered_lines": 1, "num_statements": 1, "percent_covered": 100.0, "percent_covered_display": "100", "missing_lines": 0, "excluded_lines": 0, "percent_statements_covered": 100.0, "percent_statements_covered_display": "100"}, "missing_lines": [], "excluded_lines": [], "start_line": 52}, "_line_count": {"executed_lines": [59, 60, 61, 62, 63, 64, 65], "summary": {"covered_lines": 7, "num_statements": 7, "percent_covered": 100.0, "percent_covered_display": "100", "missing_lines": 0, "excluded_lines": 0, "percent_statements_covered": 100.0, "percent_statements_covered_display": "100"}, "missing_lines": [], "excluded_lines": [], "start_line": 57}, "_get_indexed_symbols_and_line_count": {"executed_lines": [76, 77, 79, 80, 84, 94, 107, 108, 109, 110, 112, 113, 114, 116, 117, 119, 120, 121, 122], "summary": {"covered_lines": 19, "num_statements": 24, "percent_covered": 79.16666666666667, "percent_covered_display": "79", "missing_lines": 5, "excluded_lines": 0, "percent_statements_covered": 79.16666666666667, "percent_statements_covered_display": "79"}, "missing_lines": [85, 86, 87, 88, 92], "excluded_lines": [], "start_line": 68}, "build_read_hint": {"executed_lines": [135, 136, 139, 140, 143, 144, 145, 148], "summary": {"covered_lines": 8, "num_statements": 8, "percent_covered": 100.0, "percent_covered_display": "100", "missing_lines": 0, "excluded_lines": 0, "percent_statements_covered": 100.0, "percent_statements_covered_display": "100"}, "missing_lines": [], "excluded_lines": [], "start_line": 125}, "_hint_from_cache": {"executed_lines": [163, 167, 168, 169, 170, 180, 181, 182, 183, 184, 185, 186, 187, 188, 190, 191, 194, 195, 196, 206, 207, 211, 212, 213, 225], "summary": {"covered_lines": 25, "num_statements": 25, "percent_covered": 100.0, "percent_covered_display": "100", "missing_lines": 0, "excluded_lines": 0, "percent_statements_covered": 100.0, "percent_statements_covered_display": "100"}, "missing_lines": [], "excluded_lines": [], "start_line": 156}, "_hint_from_index": {"executed_lines": [235, 236, 238, 239, 240, 242, 243, 244, 247, 248, 249, 250, 253, 256, 257, 260, 261, 263, 264, 265, 266, 267, 268, 269, 271, 272, 273, 283], "summary": {"covered_lines": 28, "num_statements": 29, "percent_covered": 96.55172413793103, "percent_covered_display": "97", "missing_lines": 1, "excluded_lines": 0, "percent_statements_covered": 96.55172413793103, "percent_statements_covered_display": "97"}, "missing_lines": [262], "excluded_lines": [], "start_line": 228}, "": {"executed_lines": [2, 4, 5, 6, 8, 9, 11, 14, 15, 16, 19, 20, 21, 24, 39, 41, 47, 52, 57, 68, 125, 156, 228], "summary": {"covered_lines": 23, "num_statements": 23, "percent_covered": 100.0, "percent_covered_display": "100", "missing_lines": 0, "excluded_lines": 0, "percent_statements_covered": 100.0, "percent_statements_covered_display": "100"}, "missing_lines": [], "excluded_lines": [], "start_line": 1}}, "classes": {"ReadHint": {"executed_lines": [42, 43, 44], "summary": {"covered_lines": 3, "num_statements": 3, "percent_covered": 100.0, "percent_covered_display": "100", "missing_lines": 0, "excluded_lines": 0, "percent_statements_covered": 100.0, "percent_statements_covered_display": "100"}, "missing_lines": [], "excluded_lines": []
[...]
ered_lines": 5, "num_statements": 7, "percent_covered": 71.42857142857143, "percent_covered_display": "71", "missing_lines": 2, "excluded_lines": 0, "percent_statements_covered": 71.42857142857143, "percent_statements_covered_display": "71"}, "missing_lines": [268, 269], "excluded_lines": [], "start_line": 261}, "_worker_claim_path": {"executed_lines": [274], "summary": {"covered_lines": 1, "num_statements": 1, "percent_covered": 100.0, "percent_covered_display": "100", "missing_lines": 0, "excluded_lines": 0, "percent_statements_covered": 100.0, "percent_statements_covered_display": "100"}, "missing_lines": [], "excluded_lines": [], "start_line": 272}, "_proc_create_time": {"executed_lines": [279, 280, 281, 282], "summary": {"covered_lines": 4, "num_statements": 4, "percent_covered": 100.0, "percent_covered_display": "100", "missing_lines": 0, "excluded_lines": 0, "percent_statements_covered": 100.0, "percent_statements_covered_display": "100"}, "missing_lines": [], "excluded_lines": [], "start_line": 277}, "_worker_claim_is_stale": {"executed_lines": [300, 301, 302, 303, 304, 305, 306, 307, 309], "summary": {"covered_lines": 9, "num_statements": 9, "percent_covered": 100.0, "percent_covered_display": "100", "missing_lines": 0, "excluded_lines": 0, "percent_statements_covered": 100.0, "percent_statements_covered_display": "100"}, "missing_lines": [], "excluded_lines": [], "start_line": 285}, "_try_claim_worker_slot": {"executed_lines": [323, 324, 325, 326, 327, 328, 330, 331, 332, 333, 334, 335, 336, 337, 338], "summary": {"covered_lines": 15, "num_statements": 19, "percent_covered": 78.94736842105263, "percent_covered_display": "79", "missing_lines": 4, "excluded_lines": 0, "percent_statements_covered": 78.94736842105263, "percent_statements_covered_display": "79"}, "missing_lines": [339, 340, 341, 342], "excluded_lines": [], "start_line": 312}, "enqueue_dirty": {"executed_lines": [351, 352, 353, 354], "summary": {"covered_lines": 4, "num_statements": 4, "percent_covered": 100.0, "percent_covered_display": "100", "missing_lines": 0, "excluded_lines": 0, "percent_statements_covered": 100.0, "percent_statements_covered_display": "100"}, "missing_lines": [], "excluded_lines": [], "start_line": 349}, "drain_dirty_queue": {"executed_lines": [372, 373, 374, 375, 378, 379, 380, 381, 382, 389, 390, 391, 392, 393, 394, 395, 398, 399, 400, 401, 402, 403, 409, 410, 411, 412, 413, 415, 416, 417, 421, 425, 426, 428], "summary": {"covered_lines": 34, "num_statements": 48, "percent_covered": 70.83333333333333, "percent_covered_display": "71", "missing_lines": 14, "excluded_lines": 0, "percent_statements_covered": 70.83333333333333, "percent_statements_covered_display": "71"}, "missing_lines": [383, 384, 396, 397, 404, 405, 407, 414, 418, 419, 420, 422, 423, 424], "excluded_lines": [], "start_line": 357}, "_cleanup_stale_locks": {"executed_lines": [437, 438, 439, 442, 443, 444, 445, 446, 447, 448, 450, 451, 452, 453, 454, 455, 456, 457, 465, 466, 467], "summary": {"covered_lines": 21, "num_statements": 31, "percent_covered": 67.74193548387096, "percent_covered_display": "68", "missing_lines": 10, "excluded_lines": 0, "percent_statements_covered": 67.74193548387096, "percent_statements_covered_display": "68"}, "missing_lines": [440, 441, 449, 458, 459, 460, 461, 462, 463, 464], "excluded_lines": [], "start_line": 435}, "_cleanup_old_logs": {"executed_lines": [472, 473, 474, 475, 476, 477, 478, 479, 480, 481, 482, 483, 486, 487, 488], "summary": {"covered_lines": 15, "num_statements": 17, "percent_covered": 88.23529411764706, "percent_covered_display": "88", "missing_lines": 2, "excluded_lines": 0, "percent_statements_covered": 88.23529411764706, "percent_statements_covered_display": "88"}, "missing_lines": [484, 485], "excluded_lines": [], "start_line": 470}, "_prune_stats_table": {"executed_lines": [493, 494, 495, 496, 497], "summary": {"covered_lines": 5, "num_statements": 5, "percent_covered": 100.0, "percent_covered_display": "100", "missing_lines": 0, "excluded_lines": 0, "percent_statements_covered": 100.0, "percent_statements_covered_display": "100"}, "missing_lines": [], "excluded_lines": [], "start_line": 491}, "cleanup_on_startup": {"executed_lines": [502, 510, 512, 517, 518, 519, 520, 521, 524, 525, 531, 532, 533, 534, 539, 540, 541], "summary": {"covered_lines": 17, "num_statements": 23, "percent_covered": 73.91304347826087, "percent_covered_display": "74", "missing_lines": 6, "excluded_lines": 0, "percent_statements_covered": 73.91304347826087, "percent_statements_covered_display": "74"}, "missing_lines": [526, 527, 528, 535, 536, 537], "excluded_lines": [], "start_line": 500}, "evict_image_cache_if_over_limit": {"executed_lines": [549, 550, 551, 552, 553, 554, 555, 556, 558, 559, 560, 561, 564, 565, 567, 568, 571, 572, 573, 574, 575, 576, 577, 578, 579, 580, 581, 584, 585, 587], "summary": {"covered_lines": 30, "num_statements": 35, "percent_covered": 85.71428571428571, "percent_covered_display": "86", "missing_lines": 5, "excluded_lines": 0, "percent_statements_covered": 85.71428571428571, "percent_statements_covered_display": "86"}, "missing_lines": [557, 562, 563, 582, 583], "excluded_lines": [], "start_line": 544}, "spawn_detached": {"executed_lines": [601, 602, 604, 605, 607, 613, 614, 615, 616, 617, 618, 619, 620, 624, 625, 634, 640, 641, 642], "summary": {"covered_lines": 19, "num_statements": 24, "percent_covered": 79.16666666666667, "percent_covered_display": "79", "missing_lines": 5, "excluded_lines": 0, "percent_statements_covered": 79.16666666666667, "percent_statements_covered_display": "79"}, "missing_lines": [621, 622, 635, 636, 637], "excluded_lines": [], "start_line": 594}, "_index_spawn_active": {"executed_lines": [657, 658, 659, 660, 661, 662, 663, 664], "summary": {"covered_lines": 8, "num_statements": 8, "percent_covered": 100.0, "percent_covered_display": "100", "missing_lines": 0, "excluded_lines": 0, "percent_statements_covered": 100.0, "percent_statements_covered_display": "100"}, "missing_lines": [], "excluded_lines": [], "start_line": 650}, "reap_stale_index_markers": {"executed_lines": [677, 678, 679, 680, 681, 682, 683, 684, 685, 686, 689], "summary": {"covered_lines": 11, "num_statements": 13, "percent_covered": 84.61538461538461, "percent_covered_display": "85", "missing_lines": 2, "excluded_lines": 0, "percent_statements_covered": 84.61538461538461, "percent_statements_covered_display": "85"}, "missing_lines": [687, 688], "excluded_lines": [], "start_line": 667}, "spawn_index_detached": {"executed_lines": [709, 711, 712, 713, 717, 719, 720, 721, 722, 724, 725, 741, 742, 743, 744], "summary": {"covered_lines": 15, "num_statements": 18, "percent_covered": 83.33333333333333, "percent_covered_display": "83", "missing_lines": 3, "excluded_lines": 0, "percent_statements_covered": 83.33333333333333, "percent_statements_covered_display": "83"}, "missing_lines": [735, 736, 737], "excluded_lines": [], "start_line": 692}, "_heartbeat_age": {"executed_lines": [749, 750], "summary": {"covered_lines": 2, "num_statements": 4, "percent_covered": 50.0, "percent_covered_display": "50", "missing_lines": 2, "excluded_lines": 0, "percent_statements_covered": 50.0, "percent_statements_covered_display": "50"}, "missing_lines": [751, 752], "excluded_lines": [], "start_line": 747}, "_is_token_goat_worker": {"executed_lines": [761, 762, 763, 764], "summary": {"covered_lines": 4, "num_statements": 5, "percent_covered": 80.0, "percent_covered_display": "80", "missing_lines": 1, "excluded_lines": 0, "percent_statements_covered": 80.0, "percent_statements_covered_display": "80"}, "missing_lines": [765], "excluded_lines": [], "start_line": 755}, "_live_worker_pid": {"executed_lines": [770, 771, 772, 773, 774], "summary": {"covered_lines": 5, "num_statements": 5, "percent_covered": 100.0, "percent_covered_display": "100", "missing_lines": 0, "excluded_lines": 0, "percent_statements_covered": 100.0, "percent_statements_covered_display": "100"}, "missing_lines": [], "excluded_lines": [], "start_line": 768}, "_reap_hung_worker": {"executed_lines": [785, 786, 787, 788, 789, 790, 791, 792, 793, 794, 795, 796, 801], "summary": {"covered_lines": 13, "num_statements": 17, "percent_covered": 76.47058823529412, "percent_covered_display": "76", "missing_lines": 4, "excluded_lines": 0, "percent_statements_covered": 76.47058823529412, "percent_statements_covered_display": "76"}, "missing_lines": [797, 798, 799, 800], "excluded_lines": [], "start_line": 777}, "ensure_running": {"executed_lines": [818, 819, 820, 826, 827, 828, 829, 830, 834, 835, 836, 837], "summary": {"covered_lines": 12, "num_statements": 14, "percent_covered": 85.71428571428571, "percent_covered_display": "86", "missing_lines": 2, "excluded_lines": 0, "percent_statements_covered": 85.71428571428571, "percent_statements_covered_display": "86"}, "missing_lines": [821, 822], "excluded_lines": [], "start_line": 804}, "_register_autostart": {"executed_lines": [855, 856, 858, 859, 864, 865, 866], "summary": {"covered_lines": 7, "num_statements": 10, "percent_covered": 70.0, "percent_covered_display": "70", "missing_lines": 3, "excluded_lines": 0, "percent_statements_covered": 70.0, "percent_statements_covered_display": "70"}, "missing_lines": [860, 861, 863], "excluded_lines": [], "start_line": 844}, "run_daemon": {"executed_lines": [871, 873], "summary": {"covered_lines": 2, "num_statements": 2, "percent_covered": 100.0, "percent_covered_display": "100", "missing_lines": 0, "excluded_lines": 0, "percent_statements_covered": 100.0, "percent_statements_covered_display": "100"}, "missing_lines": [], "excluded_lines": [], "start_line": 869}, "_reindex_active_projects": {"executed_lines": [891, 892, 893, 894, 895, 899, 900, 901, 903, 904, 905, 907, 908, 909, 910, 911, 912, 918, 919, 920, 921, 922, 923, 934, 935, 936, 937], "summary": {"covered_lines": 27, "num_statements": 29, "percent_covered": 93.10344827586206, "percent_covered_display": "93", "missing_lines": 2, "excluded_lines": 0, "percent_statements_covered": 93.10344827586206, "percent_statements_covered_display": "93"}, "missing_lines": [924, 932], "excluded_lines": [], "start_line": 876}, "_process_dirty_entries": {"executed_lines": [943, 948, 949, 950, 951, 952, 959, 960, 964, 965, 968, 969, 970, 971, 972, 973, 974, 976, 979, 980, 981, 982, 983, 984, 988, 990, 991, 992, 993, 995, 996, 998, 999, 1001, 1006, 1009, 1010, 1023, 1024, 1025, 1026, 1027, 1038, 1047], "summary": {"covered_lines": 44, "num_statements": 56, "percent_covered": 78.57142857142857, "percent_covered_display": "79", "missing_lines": 12, "excluded_lines": 0, "percent_statements_covered": 78.57142857142857, "percent_statements_covered_display": "79"}, "missing_lines": [953, 954, 961, 962, 963, 966, 967, 1018, 1021, 1028, 1045, 1046], "excluded_lines": [], "start_line": 941}, "": {"executed_lines": [2, 4, 5, 6, 7, 8, 9, 10, 11, 12, 13, 14, 16, 17, 18, 19, 22, 25, 28, 36, 37, 38, 40, 42, 44, 48, 50, 51, 54, 57, 58, 59, 60, 61, 62, 63, 66, 69, 70, 71, 72, 73, 76, 79, 80, 81, 84, 87, 89, 91, 94, 97, 101, 107, 110, 111, 114, 121, 124, 131, 135, 138, 153, 178, 182, 185, 209, 220, 230, 251, 256, 261, 272, 277, 285, 312, 349, 357, 435, 470, 491, 500, 544, 594, 647, 650, 667, 692, 747, 755, 768, 777, 804, 844, 869, 876, 941], "summary": {"covered_lines": 97, "num_statements": 98, "percent_covered": 98.9795918367347, "percent_covered_display": "99", "missing_lines": 1, "excluded_lines": 0, "percent_statements_covered": 98.9795918367347, "percent_statements_covered_display": "99"}, "missing_lines": [46], "excluded_lines": [], "start_line": 1}}, "classes": {"CleanupStats": {"executed_lines": [], "summary": {"covered_lines": 0, "num_statements": 0, "percent_covered": 100.0, "percent_covered_display": "100", "missing_lines": 0, "excluded_lines": 0, "percent_statements_covered": 100.0, "percent_statements_covered_display": "100"}, "missing_lines": [], "excluded_lines": [], "start_line": 54}, "DirtyQueueEntry": {"executed_lines": [], "summary": {"covered_lines": 0, "num_statements": 0, "percent_covered": 100.0, "percent_covered_display": "100", "missing_lines": 0, "excluded_lines": 0, "percent_statements_covered": 100.0, "percent_statements_covered_display": "100"}, "missing_lines": [], "excluded_lines": [], "start_line": 66}, "_ProjectBucket": {"executed_lines": [], "summary": {"covered_lines": 0, "num_statements": 0, "percent_covered": 100.0, "percent_covered_display": "100", "missing_lines": 0, "excluded_lines": 0, "percent_statements_covered": 100.0, "percent_statements_covered_display": "100"}, "missing_lines": [], "excluded_lines": [], "start_line": 76}, "": {"executed_lines": [2, 4, 5, 6, 7, 8, 9, 10, 11, 12, 13, 14, 16, 17, 18, 19, 22, 25, 28, 36, 37, 38, 40, 42, 44, 48, 50, 51, 54, 57, 58, 59, 60, 61, 62, 63, 66, 69, 70, 71, 72, 73, 76, 79, 80, 81, 84, 87, 89, 91, 94, 97, 101, 107, 110, 111, 114, 121, 124, 131, 135, 138, 145, 146, 148, 153, 164, 165, 166, 171, 178, 182, 185, 186, 187, 188, 189, 190, 191, 194, 198, 202, 209, 211, 213, 214, 215, 220, 230, 232, 233, 234, 235, 236, 237, 238, 239, 240, 243, 244, 245, 251, 253, 256, 258, 261, 263, 264, 265, 266, 267, 272, 274, 277, 279, 280, 281, 282, 285, 300, 301, 302, 303, 304, 305, 306, 307, 309, 312, 323, 324, 325, 326, 327, 328, 330, 331, 332, 333, 334, 335, 336, 337, 338, 349, 351, 352, 353, 354, 357, 372, 373, 374, 375, 378, 379, 380, 381, 382, 389, 390, 391, 392, 393, 394, 395, 398, 399, 400, 401, 402, 403, 409, 410, 411, 412, 413, 415, 416, 417, 421, 425, 426, 428, 435, 437, 438, 439, 442, 443, 444, 445, 446, 447, 448, 450, 451, 452, 453, 454, 455, 456, 457, 465, 466, 467, 470, 472, 473, 474, 475, 476, 477, 478, 479, 480, 481, 482, 483, 486, 487, 488, 491, 493, 494, 495, 496, 497, 500, 502, 510, 512, 517, 518, 519, 520, 521, 524, 525, 531, 532, 533, 534, 539, 540, 541, 544, 549, 550, 551, 552, 553, 554, 555, 556, 558, 559, 560, 561, 564, 565, 567, 568, 571, 572, 573, 574, 575, 576, 577, 578, 579, 580, 581, 584, 585, 587, 594, 601, 602, 604, 605, 607, 613, 614, 615, 616, 617, 618, 619, 620, 624, 625, 634, 640, 641, 642, 647, 650, 657, 658, 659, 660, 661, 662, 663, 664, 667, 677, 678, 679, 680, 681, 682, 683, 684, 685, 686, 689, 692, 709, 711, 712, 713, 717, 719, 720, 721, 722, 724, 725, 741, 742, 743, 744, 747, 749, 750, 755, 761, 762, 763, 764, 768, 770, 771, 772, 773, 774, 777, 785, 786, 787, 788, 789, 790, 791, 792, 793, 794, 795, 796, 801, 804, 818, 819, 820, 826, 827, 828, 829, 830, 834, 835, 836, 837, 844, 855, 856, 858, 859, 864, 865, 866, 869, 871, 873, 876, 891, 892, 893, 894, 895, 899, 900, 901, 903, 904, 905, 907, 908, 909, 910, 911, 912, 918, 919, 920, 921, 922, 923, 934, 935, 936, 937, 941, 943, 948, 949, 950, 951, 952, 959, 960, 964, 965, 968, 969, 970, 971, 972, 973, 974, 976, 979, 980, 981, 982, 983, 984, 988, 990, 991, 992, 993, 995, 996, 998, 999, 1001, 1006, 1009, 1010, 1023, 1024, 1025, 1026, 1027, 1038, 1047], "summary": {"covered_lines": 460, "num_statements": 557, "percent_covered": 82.58527827648115, "percent_covered_display": "83", "missing_lines": 97, "excluded_lines": 0, "percent_statements_covered": 82.58527827648115, "percent_statements_covered_display": "83"}, "missing_lines": [46, 149, 150, 172, 173, 199, 200, 201, 212, 216, 217, 222, 223, 224, 225, 226, 227, 248, 268, 269, 339, 340, 341, 342, 383, 384, 396, 397, 404, 405, 407, 414, 418, 419, 420, 422, 423, 424, 440, 441, 449, 458, 459, 460, 461, 462, 463, 464, 484, 485, 526, 527, 528, 535, 536, 537, 557, 562, 563, 582, 583, 621, 622, 635, 636, 637, 687, 688, 735, 736, 737, 751, 752, 765, 797, 798, 799, 800, 821, 822, 860, 861, 863, 924, 932, 953, 954, 961, 962, 963, 966, 967, 1018, 1021, 1028, 1045, 1046], "excluded_lines": [], "start_line": 1}}}, "src\\token_goat\\worker_daemon.py": {"executed_lines": [2, 4, 5, 6, 7, 8, 9, 11, 12, 14, 17, 19, 22, 24, 27, 29, 32, 34, 36, 37, 38, 39, 41, 42, 43, 44, 46, 47, 48, 50, 52, 53, 54, 55, 56, 57, 60, 62, 64, 65, 66, 67, 68, 69, 71, 73, 74, 75, 77, 78, 79, 80, 82, 83, 84, 85, 87, 88, 89, 90, 91, 92, 94, 95, 96, 97, 99, 100, 101, 102, 103, 104, 106, 107, 108, 109, 114, 119, 120, 127, 128, 129, 131, 132, 136, 137, 138, 139, 140, 141, 143, 144, 145], "summary": {"covered_lines": 93, "num_statements": 94, "percent_covered": 98.93617021276596, "percent_covered_display": "99", "missing_lines": 1, "excluded_lines": 0, "percent_statements_covered": 98.93617021276596, "percent_statements_covered_display": "99"}, "missing_lines": [134], "excluded_lines": [], "functions": {"cleanup_on_startup": {"executed_lines": [19], "summary": {"covered_lines": 1, "num_statements": 1, "percent_covered": 100.0, "percent_covered_display": "100", "missing_lines": 0, "excluded_lines": 0, "percent_statements_covered": 100.0, "percent_statements_covered_display": "100"}, "missing_lines": [], "excluded_lines": [], "start_line": 17}, "_reindex_active_projects": {"executed_lines": [24], "summary": {"covered_lines": 1, "num_statements": 1, "percent_covered": 100.0, "percent_covered_display": "100", "missing_lines": 0, "excluded_lines": 0, "percent_statements_covered": 100.0, "percent_statements_covered_display": "100"}, "missing_lines": [], "excluded_lines": [], "start_line": 22}, "_process_dirty_entries": {"executed_lines": [29], "summary": {"covered_lines": 1, "num_statements": 1, "percent_covered": 100.0, "percent_covered_display": "100", "missing_lines": 0, "excluded_lines": 0, "percent_statements_covered": 100.0, "percent_statements_covered_display": "100"}, "missing_lines": [], "excluded_lines": [], "start_line": 27}, "run_daemon": {"executed_lines": [34, 36, 37, 38, 39, 41, 42, 43, 44, 46, 47, 48, 50, 52, 53, 54, 55, 56, 57, 60, 64, 65, 66, 67, 68, 69, 71, 73, 74, 75, 77, 78, 79, 80, 82, 83, 84, 85, 87, 88, 89, 90, 91, 92, 94, 95, 96, 97, 99, 100, 101, 102, 103, 104, 106, 107, 108, 109, 114, 119, 120, 127, 128, 129, 131, 132, 136, 137, 138, 139, 140, 141, 143, 144, 145], "summary": {"covered_lines": 75, "num_statements": 76, "percent_covered": 98.6842105263158, "percent_covered_display": "99", "missing_lines": 1, "excluded_lines": 0, "percent_statements_covered": 98.6842105263158, "percent_statements_covered_display": "99"}, "missing_lines": [134], "excluded_lines": [], "start_line": 32}, "run_daemon.should_stop": {"executed_lines": [62], "summary": {"covered_lines": 1, "num_statements": 1, "percent_covered": 100.0, "percent_covered_display": "100", "missing_lines": 0, "excluded_lines": 0, "percent_statements_covered": 100.0, "percent_statements_covered_display": "100"}, "missing_lines": [], "excluded_lines": [], "start_line": 60}, "": {"executed_lines": [2, 4, 5, 6, 7, 8, 9, 11, 12, 14, 17, 22, 27, 32], "summary": {"covered_lines": 14, "num_statements": 14, "percent_covered": 100.0, "percent_covered_display": "100", "missing_lines": 0, "excluded_lines": 0, "percent_statements_covered": 100.0, "percent_statements_covered_display": "100"}, "missing_lines": [], "excluded_lines": [], "start_line": 1}}, "classes": {"": {"executed_lines": [2, 4, 5, 6, 7, 8, 9, 11, 12, 14, 17, 19, 22, 24, 27, 29, 32, 34, 36, 37, 38, 39, 41, 42, 43, 44, 46, 47, 48, 50, 52, 53, 54, 55, 56, 57, 60, 62, 64, 65, 66, 67, 68, 69, 71, 73, 74, 75, 77, 78, 79, 80, 82, 83, 84, 85, 87, 88, 89, 90, 91, 92, 94, 95, 96, 97, 99, 100, 101, 102, 103, 104, 106, 107, 108, 109, 114, 119, 120, 127, 128, 129, 131, 132, 136, 137, 138, 139, 140, 141, 143, 144, 145], "summary": {"covered_lines": 93, "num_statements": 94, "percent_covered": 98.93617021276596, "percent_covered_display": "99", "missing_lines": 1, "excluded_lines": 0, "percent_statements_covered": 98.93617021276596, "percent_statements_covered_display": "99"}, "missing_lines": [134], "excluded_lines": [], "start_line": 1}}}}, "totals": {"covered_lines": 5228, "num_statements": 6376, "percent_covered": 81.99498117942284, "percent_covered_display": "82", "missing_lines": 1148, "excluded_lines": 8, "percent_statements_covered": 81.99498117942284, "percent_statements_covered_display": "82"}}